The system is: Linux - 5.17.0-1032-oem - x86_64
Compiling the C compiler identification source file "CMakeCCompilerId.c" succeeded.
Compiler: /usr/bin/cc 
Build flags: 
Id flags:  

The output was:
0


Compilation of the C compiler identification source "CMakeCCompilerId.c" produced "a.out"

The C compiler identification is GNU, found in "/home/yaxiong/research/ngscope_related/srsRAN_4G-release_23_04/build/CMakeFiles/3.22.1/CompilerIdC/a.out"

Compiling the CXX compiler identification source file "CMakeCXXCompilerId.cpp" succeeded.
Compiler: /usr/bin/c++ 
Build flags: 
Id flags:  

The output was:
0


Compilation of the CXX compiler identification source "CMakeCXXCompilerId.cpp" produced "a.out"

The CXX compiler identification is GNU, found in "/home/yaxiong/research/ngscope_related/srsRAN_4G-release_23_04/build/CMakeFiles/3.22.1/CompilerIdCXX/a.out"

Detecting C compiler ABI info compiled with the following output:
Change Dir: /home/yaxiong/research/ngscope_related/srsRAN_4G-release_23_04/build/CMakeFiles/CMakeTmp

Run Build Command(s):/usr/bin/gmake -f Makefile cmTC_7a19d/fast && /usr/bin/gmake  -f CMakeFiles/cmTC_7a19d.dir/build.make CMakeFiles/cmTC_7a19d.dir/build
gmake[1]: Entering directory '/home/yaxiong/research/ngscope_related/srsRAN_4G-release_23_04/build/CMakeFiles/CMakeTmp'
Building C object CMakeFiles/cmTC_7a19d.dir/CMakeCCompilerABI.c.o
/usr/bin/cc   -v -o CMakeFiles/cmTC_7a19d.dir/CMakeCCompilerABI.c.o -c /usr/share/cmake-3.22/Modules/CMakeCCompilerABI.c
Using built-in specs.
COLLECT_GCC=/usr/bin/cc
OFFLOAD_TARGET_NAMES=nvptx-none:amdgcn-amdhsa
OFFLOAD_TARGET_DEFAULT=1
Target: x86_64-linux-gnu
Configured with: ../src/configure -v --with-pkgversion='Ubuntu 11.3.0-1ubuntu1~22.04.1' --with-bugurl=file:///usr/share/doc/gcc-11/README.Bugs --enable-languages=c,ada,c++,go,brig,d,fortran,objc,obj-c++,m2 --prefix=/usr --with-gcc-major-version-only --program-suffix=-11 --program-prefix=x86_64-linux-gnu- --enable-shared --enable-linker-build-id --libexecdir=/usr/lib --without-included-gettext --enable-threads=posix --libdir=/usr/lib --enable-nls --enable-bootstrap --enable-clocale=gnu --enable-libstdcxx-debug --enable-libstdcxx-time=yes --with-default-libstdcxx-abi=new --enable-gnu-unique-object --disable-vtable-verify --enable-plugin --enable-default-pie --with-system-zlib --enable-libphobos-checking=release --with-target-system-zlib=auto --enable-objc-gc=auto --enable-multiarch --disable-werror --enable-cet --with-arch-32=i686 --with-abi=m64 --with-multilib-list=m32,m64,mx32 --enable-multilib --with-tune=generic --enable-offload-targets=nvptx-none=/build/gcc-11-aYxV0E/gcc-11-11.3.0/debian/tmp-nvptx/usr,amdgcn-amdhsa=/build/gcc-11-aYxV0E/gcc-11-11.3.0/debian/tmp-gcn/usr --without-cuda-driver --enable-checking=release --build=x86_64-linux-gnu --host=x86_64-linux-gnu --target=x86_64-linux-gnu --with-build-config=bootstrap-lto-lean --enable-link-serialization=2
Thread model: posix
Supported LTO compression algorithms: zlib zstd
gcc version 11.3.0 (Ubuntu 11.3.0-1ubuntu1~22.04.1) 
COLLECT_GCC_OPTIONS='-v' '-o' 'CMakeFiles/cmTC_7a19d.dir/CMakeCCompilerABI.c.o' '-c' '-mtune=generic' '-march=x86-64' '-dumpdir' 'CMakeFiles/cmTC_7a19d.dir/'
 /usr/lib/gcc/x86_64-linux-gnu/11/cc1 -quiet -v -imultiarch x86_64-linux-gnu /usr/share/cmake-3.22/Modules/CMakeCCompilerABI.c -quiet -dumpdir CMakeFiles/cmTC_7a19d.dir/ -dumpbase CMakeCCompilerABI.c.c -dumpbase-ext .c -mtune=generic -march=x86-64 -version -fasynchronous-unwind-tables -fstack-protector-strong -Wformat -Wformat-security -fstack-clash-protection -fcf-protection -o /tmp/ccYPR7fp.s
GNU C17 (Ubuntu 11.3.0-1ubuntu1~22.04.1) version 11.3.0 (x86_64-linux-gnu)
	compiled by GNU C version 11.3.0, GMP version 6.2.1, MPFR version 4.1.0, MPC version 1.2.1, isl version isl-0.24-GMP

GGC heuristics: --param ggc-min-expand=100 --param ggc-min-heapsize=131072
ignoring nonexistent directory "/usr/local/include/x86_64-linux-gnu"
ignoring nonexistent directory "/usr/lib/gcc/x86_64-linux-gnu/11/include-fixed"
ignoring nonexistent directory "/usr/lib/gcc/x86_64-linux-gnu/11/../../../../x86_64-linux-gnu/include"
#include "..." search starts here:
#include <...> search starts here:
 /usr/lib/gcc/x86_64-linux-gnu/11/include
 /usr/local/include
 /usr/include/x86_64-linux-gnu
 /usr/include
End of search list.
GNU C17 (Ubuntu 11.3.0-1ubuntu1~22.04.1) version 11.3.0 (x86_64-linux-gnu)
	compiled by GNU C version 11.3.0, GMP version 6.2.1, MPFR version 4.1.0, MPC version 1.2.1, isl version isl-0.24-GMP

GGC heuristics: --param ggc-min-expand=100 --param ggc-min-heapsize=131072
Compiler executable checksum: e13e2dc98bfa673227c4000e476a9388
COLLECT_GCC_OPTIONS='-v' '-o' 'CMakeFiles/cmTC_7a19d.dir/CMakeCCompilerABI.c.o' '-c' '-mtune=generic' '-march=x86-64' '-dumpdir' 'CMakeFiles/cmTC_7a19d.dir/'
 as -v --64 -o CMakeFiles/cmTC_7a19d.dir/CMakeCCompilerABI.c.o /tmp/ccYPR7fp.s
GNU assembler version 2.38 (x86_64-linux-gnu) using BFD version (GNU Binutils for Ubuntu) 2.38
COMPILER_PATH=/usr/lib/gcc/x86_64-linux-gnu/11/:/usr/lib/gcc/x86_64-linux-gnu/11/:/usr/lib/gcc/x86_64-linux-gnu/:/usr/lib/gcc/x86_64-linux-gnu/11/:/usr/lib/gcc/x86_64-linux-gnu/
LIBRARY_PATH=/usr/lib/gcc/x86_64-linux-gnu/11/:/usr/lib/gcc/x86_64-linux-gnu/11/../../../x86_64-linux-gnu/:/usr/lib/gcc/x86_64-linux-gnu/11/../../../../lib/:/lib/x86_64-linux-gnu/:/lib/../lib/:/usr/lib/x86_64-linux-gnu/:/usr/lib/../lib/:/usr/lib/gcc/x86_64-linux-gnu/11/../../../:/lib/:/usr/lib/
COLLECT_GCC_OPTIONS='-v' '-o' 'CMakeFiles/cmTC_7a19d.dir/CMakeCCompilerABI.c.o' '-c' '-mtune=generic' '-march=x86-64' '-dumpdir' 'CMakeFiles/cmTC_7a19d.dir/CMakeCCompilerABI.c.'
Linking C executable cmTC_7a19d
/usr/bin/cmake -E cmake_link_script CMakeFiles/cmTC_7a19d.dir/link.txt --verbose=1
/usr/bin/cc  -v CMakeFiles/cmTC_7a19d.dir/CMakeCCompilerABI.c.o -o cmTC_7a19d 
Using built-in specs.
COLLECT_GCC=/usr/bin/cc
COLLECT_LTO_WRAPPER=/usr/lib/gcc/x86_64-linux-gnu/11/lto-wrapper
OFFLOAD_TARGET_NAMES=nvptx-none:amdgcn-amdhsa
OFFLOAD_TARGET_DEFAULT=1
Target: x86_64-linux-gnu
Configured with: ../src/configure -v --with-pkgversion='Ubuntu 11.3.0-1ubuntu1~22.04.1' --with-bugurl=file:///usr/share/doc/gcc-11/README.Bugs --enable-languages=c,ada,c++,go,brig,d,fortran,objc,obj-c++,m2 --prefix=/usr --with-gcc-major-version-only --program-suffix=-11 --program-prefix=x86_64-linux-gnu- --enable-shared --enable-linker-build-id --libexecdir=/usr/lib --without-included-gettext --enable-threads=posix --libdir=/usr/lib --enable-nls --enable-bootstrap --enable-clocale=gnu --enable-libstdcxx-debug --enable-libstdcxx-time=yes --with-default-libstdcxx-abi=new --enable-gnu-unique-object --disable-vtable-verify --enable-plugin --enable-default-pie --with-system-zlib --enable-libphobos-checking=release --with-target-system-zlib=auto --enable-objc-gc=auto --enable-multiarch --disable-werror --enable-cet --with-arch-32=i686 --with-abi=m64 --with-multilib-list=m32,m64,mx32 --enable-multilib --with-tune=generic --enable-offload-targets=nvptx-none=/build/gcc-11-aYxV0E/gcc-11-11.3.0/debian/tmp-nvptx/usr,amdgcn-amdhsa=/build/gcc-11-aYxV0E/gcc-11-11.3.0/debian/tmp-gcn/usr --without-cuda-driver --enable-checking=release --build=x86_64-linux-gnu --host=x86_64-linux-gnu --target=x86_64-linux-gnu --with-build-config=bootstrap-lto-lean --enable-link-serialization=2
Thread model: posix
Supported LTO compression algorithms: zlib zstd
gcc version 11.3.0 (Ubuntu 11.3.0-1ubuntu1~22.04.1) 
COMPILER_PATH=/usr/lib/gcc/x86_64-linux-gnu/11/:/usr/lib/gcc/x86_64-linux-gnu/11/:/usr/lib/gcc/x86_64-linux-gnu/:/usr/lib/gcc/x86_64-linux-gnu/11/:/usr/lib/gcc/x86_64-linux-gnu/
LIBRARY_PATH=/usr/lib/gcc/x86_64-linux-gnu/11/:/usr/lib/gcc/x86_64-linux-gnu/11/../../../x86_64-linux-gnu/:/usr/lib/gcc/x86_64-linux-gnu/11/../../../../lib/:/lib/x86_64-linux-gnu/:/lib/../lib/:/usr/lib/x86_64-linux-gnu/:/usr/lib/../lib/:/usr/lib/gcc/x86_64-linux-gnu/11/../../../:/lib/:/usr/lib/
COLLECT_GCC_OPTIONS='-v' '-o' 'cmTC_7a19d' '-mtune=generic' '-march=x86-64' '-dumpdir' 'cmTC_7a19d.'
 /usr/lib/gcc/x86_64-linux-gnu/11/collect2 -plugin /usr/lib/gcc/x86_64-linux-gnu/11/liblto_plugin.so -plugin-opt=/usr/lib/gcc/x86_64-linux-gnu/11/lto-wrapper -plugin-opt=-fresolution=/tmp/ccG1YWQ3.res -plugin-opt=-pass-through=-lgcc -plugin-opt=-pass-through=-lgcc_s -plugin-opt=-pass-through=-lc -plugin-opt=-pass-through=-lgcc -plugin-opt=-pass-through=-lgcc_s --build-id --eh-frame-hdr -m elf_x86_64 --hash-style=gnu --as-needed -dynamic-linker /lib64/ld-linux-x86-64.so.2 -pie -z now -z relro -o cmTC_7a19d /usr/lib/gcc/x86_64-linux-gnu/11/../../../x86_64-linux-gnu/Scrt1.o /usr/lib/gcc/x86_64-linux-gnu/11/../../../x86_64-linux-gnu/crti.o /usr/lib/gcc/x86_64-linux-gnu/11/crtbeginS.o -L/usr/lib/gcc/x86_64-linux-gnu/11 -L/usr/lib/gcc/x86_64-linux-gnu/11/../../../x86_64-linux-gnu -L/usr/lib/gcc/x86_64-linux-gnu/11/../../../../lib -L/lib/x86_64-linux-gnu -L/lib/../lib -L/usr/lib/x86_64-linux-gnu -L/usr/lib/../lib -L/usr/lib/gcc/x86_64-linux-gnu/11/../../.. CMakeFiles/cmTC_7a19d.dir/CMakeCCompilerABI.c.o -lgcc --push-state --as-needed -lgcc_s --pop-state -lc -lgcc --push-state --as-needed -lgcc_s --pop-state /usr/lib/gcc/x86_64-linux-gnu/11/crtendS.o /usr/lib/gcc/x86_64-linux-gnu/11/../../../x86_64-linux-gnu/crtn.o
COLLECT_GCC_OPTIONS='-v' '-o' 'cmTC_7a19d' '-mtune=generic' '-march=x86-64' '-dumpdir' 'cmTC_7a19d.'
gmake[1]: Leaving directory '/home/yaxiong/research/ngscope_related/srsRAN_4G-release_23_04/build/CMakeFiles/CMakeTmp'



Parsed C implicit include dir info from above output: rv=done
  found start of include info
  found start of implicit include info
    add: [/usr/lib/gcc/x86_64-linux-gnu/11/include]
    add: [/usr/local/include]
    add: [/usr/include/x86_64-linux-gnu]
    add: [/usr/include]
  end of search list found
  collapse include dir [/usr/lib/gcc/x86_64-linux-gnu/11/include] ==> [/usr/lib/gcc/x86_64-linux-gnu/11/include]
  collapse include dir [/usr/local/include] ==> [/usr/local/include]
  collapse include dir [/usr/include/x86_64-linux-gnu] ==> [/usr/include/x86_64-linux-gnu]
  collapse include dir [/usr/include] ==> [/usr/include]
  implicit include dirs: [/usr/lib/gcc/x86_64-linux-gnu/11/include;/usr/local/include;/usr/include/x86_64-linux-gnu;/usr/include]


Parsed C implicit link information from above output:
  link line regex: [^( *|.*[/\])(ld|CMAKE_LINK_STARTFILE-NOTFOUND|([^/\]+-)?ld|collect2)[^/\]*( |$)]
  ignore line: [Change Dir: /home/yaxiong/research/ngscope_related/srsRAN_4G-release_23_04/build/CMakeFiles/CMakeTmp]
  ignore line: []
  ignore line: [Run Build Command(s):/usr/bin/gmake -f Makefile cmTC_7a19d/fast && /usr/bin/gmake  -f CMakeFiles/cmTC_7a19d.dir/build.make CMakeFiles/cmTC_7a19d.dir/build]
  ignore line: [gmake[1]: Entering directory '/home/yaxiong/research/ngscope_related/srsRAN_4G-release_23_04/build/CMakeFiles/CMakeTmp']
  ignore line: [Building C object CMakeFiles/cmTC_7a19d.dir/CMakeCCompilerABI.c.o]
  ignore line: [/usr/bin/cc   -v -o CMakeFiles/cmTC_7a19d.dir/CMakeCCompilerABI.c.o -c /usr/share/cmake-3.22/Modules/CMakeCCompilerABI.c]
  ignore line: [Using built-in specs.]
  ignore line: [COLLECT_GCC=/usr/bin/cc]
  ignore line: [OFFLOAD_TARGET_NAMES=nvptx-none:amdgcn-amdhsa]
  ignore line: [OFFLOAD_TARGET_DEFAULT=1]
  ignore line: [Target: x86_64-linux-gnu]
  ignore line: [Configured with: ../src/configure -v --with-pkgversion='Ubuntu 11.3.0-1ubuntu1~22.04.1' --with-bugurl=file:///usr/share/doc/gcc-11/README.Bugs --enable-languages=c ada c++ go brig d fortran objc obj-c++ m2 --prefix=/usr --with-gcc-major-version-only --program-suffix=-11 --program-prefix=x86_64-linux-gnu- --enable-shared --enable-linker-build-id --libexecdir=/usr/lib --without-included-gettext --enable-threads=posix --libdir=/usr/lib --enable-nls --enable-bootstrap --enable-clocale=gnu --enable-libstdcxx-debug --enable-libstdcxx-time=yes --with-default-libstdcxx-abi=new --enable-gnu-unique-object --disable-vtable-verify --enable-plugin --enable-default-pie --with-system-zlib --enable-libphobos-checking=release --with-target-system-zlib=auto --enable-objc-gc=auto --enable-multiarch --disable-werror --enable-cet --with-arch-32=i686 --with-abi=m64 --with-multilib-list=m32 m64 mx32 --enable-multilib --with-tune=generic --enable-offload-targets=nvptx-none=/build/gcc-11-aYxV0E/gcc-11-11.3.0/debian/tmp-nvptx/usr amdgcn-amdhsa=/build/gcc-11-aYxV0E/gcc-11-11.3.0/debian/tmp-gcn/usr --without-cuda-driver --enable-checking=release --build=x86_64-linux-gnu --host=x86_64-linux-gnu --target=x86_64-linux-gnu --with-build-config=bootstrap-lto-lean --enable-link-serialization=2]
  ignore line: [Thread model: posix]
  ignore line: [Supported LTO compression algorithms: zlib zstd]
  ignore line: [gcc version 11.3.0 (Ubuntu 11.3.0-1ubuntu1~22.04.1) ]
  ignore line: [COLLECT_GCC_OPTIONS='-v' '-o' 'CMakeFiles/cmTC_7a19d.dir/CMakeCCompilerABI.c.o' '-c' '-mtune=generic' '-march=x86-64' '-dumpdir' 'CMakeFiles/cmTC_7a19d.dir/']
  ignore line: [ /usr/lib/gcc/x86_64-linux-gnu/11/cc1 -quiet -v -imultiarch x86_64-linux-gnu /usr/share/cmake-3.22/Modules/CMakeCCompilerABI.c -quiet -dumpdir CMakeFiles/cmTC_7a19d.dir/ -dumpbase CMakeCCompilerABI.c.c -dumpbase-ext .c -mtune=generic -march=x86-64 -version -fasynchronous-unwind-tables -fstack-protector-strong -Wformat -Wformat-security -fstack-clash-protection -fcf-protection -o /tmp/ccYPR7fp.s]
  ignore line: [GNU C17 (Ubuntu 11.3.0-1ubuntu1~22.04.1) version 11.3.0 (x86_64-linux-gnu)]
  ignore line: [	compiled by GNU C version 11.3.0  GMP version 6.2.1  MPFR version 4.1.0  MPC version 1.2.1  isl version isl-0.24-GMP]
  ignore line: []
  ignore line: [GGC heuristics: --param ggc-min-expand=100 --param ggc-min-heapsize=131072]
  ignore line: [ignoring nonexistent directory "/usr/local/include/x86_64-linux-gnu"]
  ignore line: [ignoring nonexistent directory "/usr/lib/gcc/x86_64-linux-gnu/11/include-fixed"]
  ignore line: [ignoring nonexistent directory "/usr/lib/gcc/x86_64-linux-gnu/11/../../../../x86_64-linux-gnu/include"]
  ignore line: [#include "..." search starts here:]
  ignore line: [#include <...> search starts here:]
  ignore line: [ /usr/lib/gcc/x86_64-linux-gnu/11/include]
  ignore line: [ /usr/local/include]
  ignore line: [ /usr/include/x86_64-linux-gnu]
  ignore line: [ /usr/include]
  ignore line: [End of search list.]
  ignore line: [GNU C17 (Ubuntu 11.3.0-1ubuntu1~22.04.1) version 11.3.0 (x86_64-linux-gnu)]
  ignore line: [	compiled by GNU C version 11.3.0  GMP version 6.2.1  MPFR version 4.1.0  MPC version 1.2.1  isl version isl-0.24-GMP]
  ignore line: []
  ignore line: [GGC heuristics: --param ggc-min-expand=100 --param ggc-min-heapsize=131072]
  ignore line: [Compiler executable checksum: e13e2dc98bfa673227c4000e476a9388]
  ignore line: [COLLECT_GCC_OPTIONS='-v' '-o' 'CMakeFiles/cmTC_7a19d.dir/CMakeCCompilerABI.c.o' '-c' '-mtune=generic' '-march=x86-64' '-dumpdir' 'CMakeFiles/cmTC_7a19d.dir/']
  ignore line: [ as -v --64 -o CMakeFiles/cmTC_7a19d.dir/CMakeCCompilerABI.c.o /tmp/ccYPR7fp.s]
  ignore line: [GNU assembler version 2.38 (x86_64-linux-gnu) using BFD version (GNU Binutils for Ubuntu) 2.38]
  ignore line: [COMPILER_PATH=/usr/lib/gcc/x86_64-linux-gnu/11/:/usr/lib/gcc/x86_64-linux-gnu/11/:/usr/lib/gcc/x86_64-linux-gnu/:/usr/lib/gcc/x86_64-linux-gnu/11/:/usr/lib/gcc/x86_64-linux-gnu/]
  ignore line: [LIBRARY_PATH=/usr/lib/gcc/x86_64-linux-gnu/11/:/usr/lib/gcc/x86_64-linux-gnu/11/../../../x86_64-linux-gnu/:/usr/lib/gcc/x86_64-linux-gnu/11/../../../../lib/:/lib/x86_64-linux-gnu/:/lib/../lib/:/usr/lib/x86_64-linux-gnu/:/usr/lib/../lib/:/usr/lib/gcc/x86_64-linux-gnu/11/../../../:/lib/:/usr/lib/]
  ignore line: [COLLECT_GCC_OPTIONS='-v' '-o' 'CMakeFiles/cmTC_7a19d.dir/CMakeCCompilerABI.c.o' '-c' '-mtune=generic' '-march=x86-64' '-dumpdir' 'CMakeFiles/cmTC_7a19d.dir/CMakeCCompilerABI.c.']
  ignore line: [Linking C executable cmTC_7a19d]
  ignore line: [/usr/bin/cmake -E cmake_link_script CMakeFiles/cmTC_7a19d.dir/link.txt --verbose=1]
  ignore line: [/usr/bin/cc  -v CMakeFiles/cmTC_7a19d.dir/CMakeCCompilerABI.c.o -o cmTC_7a19d ]
  ignore line: [Using built-in specs.]
  ignore line: [COLLECT_GCC=/usr/bin/cc]
  ignore line: [COLLECT_LTO_WRAPPER=/usr/lib/gcc/x86_64-linux-gnu/11/lto-wrapper]
  ignore line: [OFFLOAD_TARGET_NAMES=nvptx-none:amdgcn-amdhsa]
  ignore line: [OFFLOAD_TARGET_DEFAULT=1]
  ignore line: [Target: x86_64-linux-gnu]
  ignore line: [Configured with: ../src/configure -v --with-pkgversion='Ubuntu 11.3.0-1ubuntu1~22.04.1' --with-bugurl=file:///usr/share/doc/gcc-11/README.Bugs --enable-languages=c ada c++ go brig d fortran objc obj-c++ m2 --prefix=/usr --with-gcc-major-version-only --program-suffix=-11 --program-prefix=x86_64-linux-gnu- --enable-shared --enable-linker-build-id --libexecdir=/usr/lib --without-included-gettext --enable-threads=posix --libdir=/usr/lib --enable-nls --enable-bootstrap --enable-clocale=gnu --enable-libstdcxx-debug --enable-libstdcxx-time=yes --with-default-libstdcxx-abi=new --enable-gnu-unique-object --disable-vtable-verify --enable-plugin --enable-default-pie --with-system-zlib --enable-libphobos-checking=release --with-target-system-zlib=auto --enable-objc-gc=auto --enable-multiarch --disable-werror --enable-cet --with-arch-32=i686 --with-abi=m64 --with-multilib-list=m32 m64 mx32 --enable-multilib --with-tune=generic --enable-offload-targets=nvptx-none=/build/gcc-11-aYxV0E/gcc-11-11.3.0/debian/tmp-nvptx/usr amdgcn-amdhsa=/build/gcc-11-aYxV0E/gcc-11-11.3.0/debian/tmp-gcn/usr --without-cuda-driver --enable-checking=release --build=x86_64-linux-gnu --host=x86_64-linux-gnu --target=x86_64-linux-gnu --with-build-config=bootstrap-lto-lean --enable-link-serialization=2]
  ignore line: [Thread model: posix]
  ignore line: [Supported LTO compression algorithms: zlib zstd]
  ignore line: [gcc version 11.3.0 (Ubuntu 11.3.0-1ubuntu1~22.04.1) ]
  ignore line: [COMPILER_PATH=/usr/lib/gcc/x86_64-linux-gnu/11/:/usr/lib/gcc/x86_64-linux-gnu/11/:/usr/lib/gcc/x86_64-linux-gnu/:/usr/lib/gcc/x86_64-linux-gnu/11/:/usr/lib/gcc/x86_64-linux-gnu/]
  ignore line: [LIBRARY_PATH=/usr/lib/gcc/x86_64-linux-gnu/11/:/usr/lib/gcc/x86_64-linux-gnu/11/../../../x86_64-linux-gnu/:/usr/lib/gcc/x86_64-linux-gnu/11/../../../../lib/:/lib/x86_64-linux-gnu/:/lib/../lib/:/usr/lib/x86_64-linux-gnu/:/usr/lib/../lib/:/usr/lib/gcc/x86_64-linux-gnu/11/../../../:/lib/:/usr/lib/]
  ignore line: [COLLECT_GCC_OPTIONS='-v' '-o' 'cmTC_7a19d' '-mtune=generic' '-march=x86-64' '-dumpdir' 'cmTC_7a19d.']
  link line: [ /usr/lib/gcc/x86_64-linux-gnu/11/collect2 -plugin /usr/lib/gcc/x86_64-linux-gnu/11/liblto_plugin.so -plugin-opt=/usr/lib/gcc/x86_64-linux-gnu/11/lto-wrapper -plugin-opt=-fresolution=/tmp/ccG1YWQ3.res -plugin-opt=-pass-through=-lgcc -plugin-opt=-pass-through=-lgcc_s -plugin-opt=-pass-through=-lc -plugin-opt=-pass-through=-lgcc -plugin-opt=-pass-through=-lgcc_s --build-id --eh-frame-hdr -m elf_x86_64 --hash-style=gnu --as-needed -dynamic-linker /lib64/ld-linux-x86-64.so.2 -pie -z now -z relro -o cmTC_7a19d /usr/lib/gcc/x86_64-linux-gnu/11/../../../x86_64-linux-gnu/Scrt1.o /usr/lib/gcc/x86_64-linux-gnu/11/../../../x86_64-linux-gnu/crti.o /usr/lib/gcc/x86_64-linux-gnu/11/crtbeginS.o -L/usr/lib/gcc/x86_64-linux-gnu/11 -L/usr/lib/gcc/x86_64-linux-gnu/11/../../../x86_64-linux-gnu -L/usr/lib/gcc/x86_64-linux-gnu/11/../../../../lib -L/lib/x86_64-linux-gnu -L/lib/../lib -L/usr/lib/x86_64-linux-gnu -L/usr/lib/../lib -L/usr/lib/gcc/x86_64-linux-gnu/11/../../.. CMakeFiles/cmTC_7a19d.dir/CMakeCCompilerABI.c.o -lgcc --push-state --as-needed -lgcc_s --pop-state -lc -lgcc --push-state --as-needed -lgcc_s --pop-state /usr/lib/gcc/x86_64-linux-gnu/11/crtendS.o /usr/lib/gcc/x86_64-linux-gnu/11/../../../x86_64-linux-gnu/crtn.o]
    arg [/usr/lib/gcc/x86_64-linux-gnu/11/collect2] ==> ignore
    arg [-plugin] ==> ignore
    arg [/usr/lib/gcc/x86_64-linux-gnu/11/liblto_plugin.so] ==> ignore
    arg [-plugin-opt=/usr/lib/gcc/x86_64-linux-gnu/11/lto-wrapper] ==> ignore
    arg [-plugin-opt=-fresolution=/tmp/ccG1YWQ3.res] ==> ignore
    arg [-plugin-opt=-pass-through=-lgcc] ==> ignore
    arg [-plugin-opt=-pass-through=-lgcc_s] ==> ignore
    arg [-plugin-opt=-pass-through=-lc] ==> ignore
    arg [-plugin-opt=-pass-through=-lgcc] ==> ignore
    arg [-plugin-opt=-pass-through=-lgcc_s] ==> ignore
    arg [--build-id] ==> ignore
    arg [--eh-frame-hdr] ==> ignore
    arg [-m] ==> ignore
    arg [elf_x86_64] ==> ignore
    arg [--hash-style=gnu] ==> ignore
    arg [--as-needed] ==> ignore
    arg [-dynamic-linker] ==> ignore
    arg [/lib64/ld-linux-x86-64.so.2] ==> ignore
    arg [-pie] ==> ignore
    arg [-znow] ==> ignore
    arg [-zrelro] ==> ignore
    arg [-o] ==> ignore
    arg [cmTC_7a19d] ==> ignore
    arg [/usr/lib/gcc/x86_64-linux-gnu/11/../../../x86_64-linux-gnu/Scrt1.o] ==> obj [/usr/lib/gcc/x86_64-linux-gnu/11/../../../x86_64-linux-gnu/Scrt1.o]
    arg [/usr/lib/gcc/x86_64-linux-gnu/11/../../../x86_64-linux-gnu/crti.o] ==> obj [/usr/lib/gcc/x86_64-linux-gnu/11/../../../x86_64-linux-gnu/crti.o]
    arg [/usr/lib/gcc/x86_64-linux-gnu/11/crtbeginS.o] ==> obj [/usr/lib/gcc/x86_64-linux-gnu/11/crtbeginS.o]
    arg [-L/usr/lib/gcc/x86_64-linux-gnu/11] ==> dir [/usr/lib/gcc/x86_64-linux-gnu/11]
    arg [-L/usr/lib/gcc/x86_64-linux-gnu/11/../../../x86_64-linux-gnu] ==> dir [/usr/lib/gcc/x86_64-linux-gnu/11/../../../x86_64-linux-gnu]
    arg [-L/usr/lib/gcc/x86_64-linux-gnu/11/../../../../lib] ==> dir [/usr/lib/gcc/x86_64-linux-gnu/11/../../../../lib]
    arg [-L/lib/x86_64-linux-gnu] ==> dir [/lib/x86_64-linux-gnu]
    arg [-L/lib/../lib] ==> dir [/lib/../lib]
    arg [-L/usr/lib/x86_64-linux-gnu] ==> dir [/usr/lib/x86_64-linux-gnu]
    arg [-L/usr/lib/../lib] ==> dir [/usr/lib/../lib]
    arg [-L/usr/lib/gcc/x86_64-linux-gnu/11/../../..] ==> dir [/usr/lib/gcc/x86_64-linux-gnu/11/../../..]
    arg [CMakeFiles/cmTC_7a19d.dir/CMakeCCompilerABI.c.o] ==> ignore
    arg [-lgcc] ==> lib [gcc]
    arg [--push-state] ==> ignore
    arg [--as-needed] ==> ignore
    arg [-lgcc_s] ==> lib [gcc_s]
    arg [--pop-state] ==> ignore
    arg [-lc] ==> lib [c]
    arg [-lgcc] ==> lib [gcc]
    arg [--push-state] ==> ignore
    arg [--as-needed] ==> ignore
    arg [-lgcc_s] ==> lib [gcc_s]
    arg [--pop-state] ==> ignore
    arg [/usr/lib/gcc/x86_64-linux-gnu/11/crtendS.o] ==> obj [/usr/lib/gcc/x86_64-linux-gnu/11/crtendS.o]
    arg [/usr/lib/gcc/x86_64-linux-gnu/11/../../../x86_64-linux-gnu/crtn.o] ==> obj [/usr/lib/gcc/x86_64-linux-gnu/11/../../../x86_64-linux-gnu/crtn.o]
  collapse obj [/usr/lib/gcc/x86_64-linux-gnu/11/../../../x86_64-linux-gnu/Scrt1.o] ==> [/usr/lib/x86_64-linux-gnu/Scrt1.o]
  collapse obj [/usr/lib/gcc/x86_64-linux-gnu/11/../../../x86_64-linux-gnu/crti.o] ==> [/usr/lib/x86_64-linux-gnu/crti.o]
  collapse obj [/usr/lib/gcc/x86_64-linux-gnu/11/../../../x86_64-linux-gnu/crtn.o] ==> [/usr/lib/x86_64-linux-gnu/crtn.o]
  collapse library dir [/usr/lib/gcc/x86_64-linux-gnu/11] ==> [/usr/lib/gcc/x86_64-linux-gnu/11]
  collapse library dir [/usr/lib/gcc/x86_64-linux-gnu/11/../../../x86_64-linux-gnu] ==> [/usr/lib/x86_64-linux-gnu]
  collapse library dir [/usr/lib/gcc/x86_64-linux-gnu/11/../../../../lib] ==> [/usr/lib]
  collapse library dir [/lib/x86_64-linux-gnu] ==> [/lib/x86_64-linux-gnu]
  collapse library dir [/lib/../lib] ==> [/lib]
  collapse library dir [/usr/lib/x86_64-linux-gnu] ==> [/usr/lib/x86_64-linux-gnu]
  collapse library dir [/usr/lib/../lib] ==> [/usr/lib]
  collapse library dir [/usr/lib/gcc/x86_64-linux-gnu/11/../../..] ==> [/usr/lib]
  implicit libs: [gcc;gcc_s;c;gcc;gcc_s]
  implicit objs: [/usr/lib/x86_64-linux-gnu/Scrt1.o;/usr/lib/x86_64-linux-gnu/crti.o;/usr/lib/gcc/x86_64-linux-gnu/11/crtbeginS.o;/usr/lib/gcc/x86_64-linux-gnu/11/crtendS.o;/usr/lib/x86_64-linux-gnu/crtn.o]
  implicit dirs: [/usr/lib/gcc/x86_64-linux-gnu/11;/usr/lib/x86_64-linux-gnu;/usr/lib;/lib/x86_64-linux-gnu;/lib]
  implicit fwks: []


Detecting CXX compiler ABI info compiled with the following output:
Change Dir: /home/yaxiong/research/ngscope_related/srsRAN_4G-release_23_04/build/CMakeFiles/CMakeTmp

Run Build Command(s):/usr/bin/gmake -f Makefile cmTC_4b2d7/fast && /usr/bin/gmake  -f CMakeFiles/cmTC_4b2d7.dir/build.make CMakeFiles/cmTC_4b2d7.dir/build
gmake[1]: Entering directory '/home/yaxiong/research/ngscope_related/srsRAN_4G-release_23_04/build/CMakeFiles/CMakeTmp'
Building CXX object CMakeFiles/cmTC_4b2d7.dir/CMakeCXXCompilerABI.cpp.o
/usr/bin/c++   -v -o CMakeFiles/cmTC_4b2d7.dir/CMakeCXXCompilerABI.cpp.o -c /usr/share/cmake-3.22/Modules/CMakeCXXCompilerABI.cpp
Using built-in specs.
COLLECT_GCC=/usr/bin/c++
OFFLOAD_TARGET_NAMES=nvptx-none:amdgcn-amdhsa
OFFLOAD_TARGET_DEFAULT=1
Target: x86_64-linux-gnu
Configured with: ../src/configure -v --with-pkgversion='Ubuntu 11.3.0-1ubuntu1~22.04.1' --with-bugurl=file:///usr/share/doc/gcc-11/README.Bugs --enable-languages=c,ada,c++,go,brig,d,fortran,objc,obj-c++,m2 --prefix=/usr --with-gcc-major-version-only --program-suffix=-11 --program-prefix=x86_64-linux-gnu- --enable-shared --enable-linker-build-id --libexecdir=/usr/lib --without-included-gettext --enable-threads=posix --libdir=/usr/lib --enable-nls --enable-bootstrap --enable-clocale=gnu --enable-libstdcxx-debug --enable-libstdcxx-time=yes --with-default-libstdcxx-abi=new --enable-gnu-unique-object --disable-vtable-verify --enable-plugin --enable-default-pie --with-system-zlib --enable-libphobos-checking=release --with-target-system-zlib=auto --enable-objc-gc=auto --enable-multiarch --disable-werror --enable-cet --with-arch-32=i686 --with-abi=m64 --with-multilib-list=m32,m64,mx32 --enable-multilib --with-tune=generic --enable-offload-targets=nvptx-none=/build/gcc-11-aYxV0E/gcc-11-11.3.0/debian/tmp-nvptx/usr,amdgcn-amdhsa=/build/gcc-11-aYxV0E/gcc-11-11.3.0/debian/tmp-gcn/usr --without-cuda-driver --enable-checking=release --build=x86_64-linux-gnu --host=x86_64-linux-gnu --target=x86_64-linux-gnu --with-build-config=bootstrap-lto-lean --enable-link-serialization=2
Thread model: posix
Supported LTO compression algorithms: zlib zstd
gcc version 11.3.0 (Ubuntu 11.3.0-1ubuntu1~22.04.1) 
COLLECT_GCC_OPTIONS='-v' '-o' 'CMakeFiles/cmTC_4b2d7.dir/CMakeCXXCompilerABI.cpp.o' '-c' '-shared-libgcc' '-mtune=generic' '-march=x86-64' '-dumpdir' 'CMakeFiles/cmTC_4b2d7.dir/'
 /usr/lib/gcc/x86_64-linux-gnu/11/cc1plus -quiet -v -imultiarch x86_64-linux-gnu -D_GNU_SOURCE /usr/share/cmake-3.22/Modules/CMakeCXXCompilerABI.cpp -quiet -dumpdir CMakeFiles/cmTC_4b2d7.dir/ -dumpbase CMakeCXXCompilerABI.cpp.cpp -dumpbase-ext .cpp -mtune=generic -march=x86-64 -version -fasynchronous-unwind-tables -fstack-protector-strong -Wformat -Wformat-security -fstack-clash-protection -fcf-protection -o /tmp/ccwcbe0k.s
GNU C++17 (Ubuntu 11.3.0-1ubuntu1~22.04.1) version 11.3.0 (x86_64-linux-gnu)
	compiled by GNU C version 11.3.0, GMP version 6.2.1, MPFR version 4.1.0, MPC version 1.2.1, isl version isl-0.24-GMP

GGC heuristics: --param ggc-min-expand=100 --param ggc-min-heapsize=131072
ignoring duplicate directory "/usr/include/x86_64-linux-gnu/c++/11"
ignoring nonexistent directory "/usr/local/include/x86_64-linux-gnu"
ignoring nonexistent directory "/usr/lib/gcc/x86_64-linux-gnu/11/include-fixed"
ignoring nonexistent directory "/usr/lib/gcc/x86_64-linux-gnu/11/../../../../x86_64-linux-gnu/include"
#include "..." search starts here:
#include <...> search starts here:
 /usr/include/c++/11
 /usr/include/x86_64-linux-gnu/c++/11
 /usr/include/c++/11/backward
 /usr/lib/gcc/x86_64-linux-gnu/11/include
 /usr/local/include
 /usr/include/x86_64-linux-gnu
 /usr/include
End of search list.
GNU C++17 (Ubuntu 11.3.0-1ubuntu1~22.04.1) version 11.3.0 (x86_64-linux-gnu)
	compiled by GNU C version 11.3.0, GMP version 6.2.1, MPFR version 4.1.0, MPC version 1.2.1, isl version isl-0.24-GMP

GGC heuristics: --param ggc-min-expand=100 --param ggc-min-heapsize=131072
Compiler executable checksum: 2b9b53ff7f3a6952e2fe60119c16be53
COLLECT_GCC_OPTIONS='-v' '-o' 'CMakeFiles/cmTC_4b2d7.dir/CMakeCXXCompilerABI.cpp.o' '-c' '-shared-libgcc' '-mtune=generic' '-march=x86-64' '-dumpdir' 'CMakeFiles/cmTC_4b2d7.dir/'
 as -v --64 -o CMakeFiles/cmTC_4b2d7.dir/CMakeCXXCompilerABI.cpp.o /tmp/ccwcbe0k.s
GNU assembler version 2.38 (x86_64-linux-gnu) using BFD version (GNU Binutils for Ubuntu) 2.38
COMPILER_PATH=/usr/lib/gcc/x86_64-linux-gnu/11/:/usr/lib/gcc/x86_64-linux-gnu/11/:/usr/lib/gcc/x86_64-linux-gnu/:/usr/lib/gcc/x86_64-linux-gnu/11/:/usr/lib/gcc/x86_64-linux-gnu/
LIBRARY_PATH=/usr/lib/gcc/x86_64-linux-gnu/11/:/usr/lib/gcc/x86_64-linux-gnu/11/../../../x86_64-linux-gnu/:/usr/lib/gcc/x86_64-linux-gnu/11/../../../../lib/:/lib/x86_64-linux-gnu/:/lib/../lib/:/usr/lib/x86_64-linux-gnu/:/usr/lib/../lib/:/usr/lib/gcc/x86_64-linux-gnu/11/../../../:/lib/:/usr/lib/
COLLECT_GCC_OPTIONS='-v' '-o' 'CMakeFiles/cmTC_4b2d7.dir/CMakeCXXCompilerABI.cpp.o' '-c' '-shared-libgcc' '-mtune=generic' '-march=x86-64' '-dumpdir' 'CMakeFiles/cmTC_4b2d7.dir/CMakeCXXCompilerABI.cpp.'
Linking CXX executable cmTC_4b2d7
/usr/bin/cmake -E cmake_link_script CMakeFiles/cmTC_4b2d7.dir/link.txt --verbose=1
/usr/bin/c++  -v CMakeFiles/cmTC_4b2d7.dir/CMakeCXXCompilerABI.cpp.o -o cmTC_4b2d7 
Using built-in specs.
COLLECT_GCC=/usr/bin/c++
COLLECT_LTO_WRAPPER=/usr/lib/gcc/x86_64-linux-gnu/11/lto-wrapper
OFFLOAD_TARGET_NAMES=nvptx-none:amdgcn-amdhsa
OFFLOAD_TARGET_DEFAULT=1
Target: x86_64-linux-gnu
Configured with: ../src/configure -v --with-pkgversion='Ubuntu 11.3.0-1ubuntu1~22.04.1' --with-bugurl=file:///usr/share/doc/gcc-11/README.Bugs --enable-languages=c,ada,c++,go,brig,d,fortran,objc,obj-c++,m2 --prefix=/usr --with-gcc-major-version-only --program-suffix=-11 --program-prefix=x86_64-linux-gnu- --enable-shared --enable-linker-build-id --libexecdir=/usr/lib --without-included-gettext --enable-threads=posix --libdir=/usr/lib --enable-nls --enable-bootstrap --enable-clocale=gnu --enable-libstdcxx-debug --enable-libstdcxx-time=yes --with-default-libstdcxx-abi=new --enable-gnu-unique-object --disable-vtable-verify --enable-plugin --enable-default-pie --with-system-zlib --enable-libphobos-checking=release --with-target-system-zlib=auto --enable-objc-gc=auto --enable-multiarch --disable-werror --enable-cet --with-arch-32=i686 --with-abi=m64 --with-multilib-list=m32,m64,mx32 --enable-multilib --with-tune=generic --enable-offload-targets=nvptx-none=/build/gcc-11-aYxV0E/gcc-11-11.3.0/debian/tmp-nvptx/usr,amdgcn-amdhsa=/build/gcc-11-aYxV0E/gcc-11-11.3.0/debian/tmp-gcn/usr --without-cuda-driver --enable-checking=release --build=x86_64-linux-gnu --host=x86_64-linux-gnu --target=x86_64-linux-gnu --with-build-config=bootstrap-lto-lean --enable-link-serialization=2
Thread model: posix
Supported LTO compression algorithms: zlib zstd
gcc version 11.3.0 (Ubuntu 11.3.0-1ubuntu1~22.04.1) 
COMPILER_PATH=/usr/lib/gcc/x86_64-linux-gnu/11/:/usr/lib/gcc/x86_64-linux-gnu/11/:/usr/lib/gcc/x86_64-linux-gnu/:/usr/lib/gcc/x86_64-linux-gnu/11/:/usr/lib/gcc/x86_64-linux-gnu/
LIBRARY_PATH=/usr/lib/gcc/x86_64-linux-gnu/11/:/usr/lib/gcc/x86_64-linux-gnu/11/../../../x86_64-linux-gnu/:/usr/lib/gcc/x86_64-linux-gnu/11/../../../../lib/:/lib/x86_64-linux-gnu/:/lib/../lib/:/usr/lib/x86_64-linux-gnu/:/usr/lib/../lib/:/usr/lib/gcc/x86_64-linux-gnu/11/../../../:/lib/:/usr/lib/
COLLECT_GCC_OPTIONS='-v' '-o' 'cmTC_4b2d7' '-shared-libgcc' '-mtune=generic' '-march=x86-64' '-dumpdir' 'cmTC_4b2d7.'
 /usr/lib/gcc/x86_64-linux-gnu/11/collect2 -plugin /usr/lib/gcc/x86_64-linux-gnu/11/liblto_plugin.so -plugin-opt=/usr/lib/gcc/x86_64-linux-gnu/11/lto-wrapper -plugin-opt=-fresolution=/tmp/cc1ooIgf.res -plugin-opt=-pass-through=-lgcc_s -plugin-opt=-pass-through=-lgcc -plugin-opt=-pass-through=-lc -plugin-opt=-pass-through=-lgcc_s -plugin-opt=-pass-through=-lgcc --build-id --eh-frame-hdr -m elf_x86_64 --hash-style=gnu --as-needed -dynamic-linker /lib64/ld-linux-x86-64.so.2 -pie -z now -z relro -o cmTC_4b2d7 /usr/lib/gcc/x86_64-linux-gnu/11/../../../x86_64-linux-gnu/Scrt1.o /usr/lib/gcc/x86_64-linux-gnu/11/../../../x86_64-linux-gnu/crti.o /usr/lib/gcc/x86_64-linux-gnu/11/crtbeginS.o -L/usr/lib/gcc/x86_64-linux-gnu/11 -L/usr/lib/gcc/x86_64-linux-gnu/11/../../../x86_64-linux-gnu -L/usr/lib/gcc/x86_64-linux-gnu/11/../../../../lib -L/lib/x86_64-linux-gnu -L/lib/../lib -L/usr/lib/x86_64-linux-gnu -L/usr/lib/../lib -L/usr/lib/gcc/x86_64-linux-gnu/11/../../.. CMakeFiles/cmTC_4b2d7.dir/CMakeCXXCompilerABI.cpp.o -lstdc++ -lm -lgcc_s -lgcc -lc -lgcc_s -lgcc /usr/lib/gcc/x86_64-linux-gnu/11/crtendS.o /usr/lib/gcc/x86_64-linux-gnu/11/../../../x86_64-linux-gnu/crtn.o
COLLECT_GCC_OPTIONS='-v' '-o' 'cmTC_4b2d7' '-shared-libgcc' '-mtune=generic' '-march=x86-64' '-dumpdir' 'cmTC_4b2d7.'
gmake[1]: Leaving directory '/home/yaxiong/research/ngscope_related/srsRAN_4G-release_23_04/build/CMakeFiles/CMakeTmp'



Parsed CXX implicit include dir info from above output: rv=done
  found start of include info
  found start of implicit include info
    add: [/usr/include/c++/11]
    add: [/usr/include/x86_64-linux-gnu/c++/11]
    add: [/usr/include/c++/11/backward]
    add: [/usr/lib/gcc/x86_64-linux-gnu/11/include]
    add: [/usr/local/include]
    add: [/usr/include/x86_64-linux-gnu]
    add: [/usr/include]
  end of search list found
  collapse include dir [/usr/include/c++/11] ==> [/usr/include/c++/11]
  collapse include dir [/usr/include/x86_64-linux-gnu/c++/11] ==> [/usr/include/x86_64-linux-gnu/c++/11]
  collapse include dir [/usr/include/c++/11/backward] ==> [/usr/include/c++/11/backward]
  collapse include dir [/usr/lib/gcc/x86_64-linux-gnu/11/include] ==> [/usr/lib/gcc/x86_64-linux-gnu/11/include]
  collapse include dir [/usr/local/include] ==> [/usr/local/include]
  collapse include dir [/usr/include/x86_64-linux-gnu] ==> [/usr/include/x86_64-linux-gnu]
  collapse include dir [/usr/include] ==> [/usr/include]
  implicit include dirs: [/usr/include/c++/11;/usr/include/x86_64-linux-gnu/c++/11;/usr/include/c++/11/backward;/usr/lib/gcc/x86_64-linux-gnu/11/include;/usr/local/include;/usr/include/x86_64-linux-gnu;/usr/include]


Parsed CXX implicit link information from above output:
  link line regex: [^( *|.*[/\])(ld|CMAKE_LINK_STARTFILE-NOTFOUND|([^/\]+-)?ld|collect2)[^/\]*( |$)]
  ignore line: [Change Dir: /home/yaxiong/research/ngscope_related/srsRAN_4G-release_23_04/build/CMakeFiles/CMakeTmp]
  ignore line: []
  ignore line: [Run Build Command(s):/usr/bin/gmake -f Makefile cmTC_4b2d7/fast && /usr/bin/gmake  -f CMakeFiles/cmTC_4b2d7.dir/build.make CMakeFiles/cmTC_4b2d7.dir/build]
  ignore line: [gmake[1]: Entering directory '/home/yaxiong/research/ngscope_related/srsRAN_4G-release_23_04/build/CMakeFiles/CMakeTmp']
  ignore line: [Building CXX object CMakeFiles/cmTC_4b2d7.dir/CMakeCXXCompilerABI.cpp.o]
  ignore line: [/usr/bin/c++   -v -o CMakeFiles/cmTC_4b2d7.dir/CMakeCXXCompilerABI.cpp.o -c /usr/share/cmake-3.22/Modules/CMakeCXXCompilerABI.cpp]
  ignore line: [Using built-in specs.]
  ignore line: [COLLECT_GCC=/usr/bin/c++]
  ignore line: [OFFLOAD_TARGET_NAMES=nvptx-none:amdgcn-amdhsa]
  ignore line: [OFFLOAD_TARGET_DEFAULT=1]
  ignore line: [Target: x86_64-linux-gnu]
  ignore line: [Configured with: ../src/configure -v --with-pkgversion='Ubuntu 11.3.0-1ubuntu1~22.04.1' --with-bugurl=file:///usr/share/doc/gcc-11/README.Bugs --enable-languages=c ada c++ go brig d fortran objc obj-c++ m2 --prefix=/usr --with-gcc-major-version-only --program-suffix=-11 --program-prefix=x86_64-linux-gnu- --enable-shared --enable-linker-build-id --libexecdir=/usr/lib --without-included-gettext --enable-threads=posix --libdir=/usr/lib --enable-nls --enable-bootstrap --enable-clocale=gnu --enable-libstdcxx-debug --enable-libstdcxx-time=yes --with-default-libstdcxx-abi=new --enable-gnu-unique-object --disable-vtable-verify --enable-plugin --enable-default-pie --with-system-zlib --enable-libphobos-checking=release --with-target-system-zlib=auto --enable-objc-gc=auto --enable-multiarch --disable-werror --enable-cet --with-arch-32=i686 --with-abi=m64 --with-multilib-list=m32 m64 mx32 --enable-multilib --with-tune=generic --enable-offload-targets=nvptx-none=/build/gcc-11-aYxV0E/gcc-11-11.3.0/debian/tmp-nvptx/usr amdgcn-amdhsa=/build/gcc-11-aYxV0E/gcc-11-11.3.0/debian/tmp-gcn/usr --without-cuda-driver --enable-checking=release --build=x86_64-linux-gnu --host=x86_64-linux-gnu --target=x86_64-linux-gnu --with-build-config=bootstrap-lto-lean --enable-link-serialization=2]
  ignore line: [Thread model: posix]
  ignore line: [Supported LTO compression algorithms: zlib zstd]
  ignore line: [gcc version 11.3.0 (Ubuntu 11.3.0-1ubuntu1~22.04.1) ]
  ignore line: [COLLECT_GCC_OPTIONS='-v' '-o' 'CMakeFiles/cmTC_4b2d7.dir/CMakeCXXCompilerABI.cpp.o' '-c' '-shared-libgcc' '-mtune=generic' '-march=x86-64' '-dumpdir' 'CMakeFiles/cmTC_4b2d7.dir/']
  ignore line: [ /usr/lib/gcc/x86_64-linux-gnu/11/cc1plus -quiet -v -imultiarch x86_64-linux-gnu -D_GNU_SOURCE /usr/share/cmake-3.22/Modules/CMakeCXXCompilerABI.cpp -quiet -dumpdir CMakeFiles/cmTC_4b2d7.dir/ -dumpbase CMakeCXXCompilerABI.cpp.cpp -dumpbase-ext .cpp -mtune=generic -march=x86-64 -version -fasynchronous-unwind-tables -fstack-protector-strong -Wformat -Wformat-security -fstack-clash-protection -fcf-protection -o /tmp/ccwcbe0k.s]
  ignore line: [GNU C++17 (Ubuntu 11.3.0-1ubuntu1~22.04.1) version 11.3.0 (x86_64-linux-gnu)]
  ignore line: [	compiled by GNU C version 11.3.0  GMP version 6.2.1  MPFR version 4.1.0  MPC version 1.2.1  isl version isl-0.24-GMP]
  ignore line: []
  ignore line: [GGC heuristics: --param ggc-min-expand=100 --param ggc-min-heapsize=131072]
  ignore line: [ignoring duplicate directory "/usr/include/x86_64-linux-gnu/c++/11"]
  ignore line: [ignoring nonexistent directory "/usr/local/include/x86_64-linux-gnu"]
  ignore line: [ignoring nonexistent directory "/usr/lib/gcc/x86_64-linux-gnu/11/include-fixed"]
  ignore line: [ignoring nonexistent directory "/usr/lib/gcc/x86_64-linux-gnu/11/../../../../x86_64-linux-gnu/include"]
  ignore line: [#include "..." search starts here:]
  ignore line: [#include <...> search starts here:]
  ignore line: [ /usr/include/c++/11]
  ignore line: [ /usr/include/x86_64-linux-gnu/c++/11]
  ignore line: [ /usr/include/c++/11/backward]
  ignore line: [ /usr/lib/gcc/x86_64-linux-gnu/11/include]
  ignore line: [ /usr/local/include]
  ignore line: [ /usr/include/x86_64-linux-gnu]
  ignore line: [ /usr/include]
  ignore line: [End of search list.]
  ignore line: [GNU C++17 (Ubuntu 11.3.0-1ubuntu1~22.04.1) version 11.3.0 (x86_64-linux-gnu)]
  ignore line: [	compiled by GNU C version 11.3.0  GMP version 6.2.1  MPFR version 4.1.0  MPC version 1.2.1  isl version isl-0.24-GMP]
  ignore line: []
  ignore line: [GGC heuristics: --param ggc-min-expand=100 --param ggc-min-heapsize=131072]
  ignore line: [Compiler executable checksum: 2b9b53ff7f3a6952e2fe60119c16be53]
  ignore line: [COLLECT_GCC_OPTIONS='-v' '-o' 'CMakeFiles/cmTC_4b2d7.dir/CMakeCXXCompilerABI.cpp.o' '-c' '-shared-libgcc' '-mtune=generic' '-march=x86-64' '-dumpdir' 'CMakeFiles/cmTC_4b2d7.dir/']
  ignore line: [ as -v --64 -o CMakeFiles/cmTC_4b2d7.dir/CMakeCXXCompilerABI.cpp.o /tmp/ccwcbe0k.s]
  ignore line: [GNU assembler version 2.38 (x86_64-linux-gnu) using BFD version (GNU Binutils for Ubuntu) 2.38]
  ignore line: [COMPILER_PATH=/usr/lib/gcc/x86_64-linux-gnu/11/:/usr/lib/gcc/x86_64-linux-gnu/11/:/usr/lib/gcc/x86_64-linux-gnu/:/usr/lib/gcc/x86_64-linux-gnu/11/:/usr/lib/gcc/x86_64-linux-gnu/]
  ignore line: [LIBRARY_PATH=/usr/lib/gcc/x86_64-linux-gnu/11/:/usr/lib/gcc/x86_64-linux-gnu/11/../../../x86_64-linux-gnu/:/usr/lib/gcc/x86_64-linux-gnu/11/../../../../lib/:/lib/x86_64-linux-gnu/:/lib/../lib/:/usr/lib/x86_64-linux-gnu/:/usr/lib/../lib/:/usr/lib/gcc/x86_64-linux-gnu/11/../../../:/lib/:/usr/lib/]
  ignore line: [COLLECT_GCC_OPTIONS='-v' '-o' 'CMakeFiles/cmTC_4b2d7.dir/CMakeCXXCompilerABI.cpp.o' '-c' '-shared-libgcc' '-mtune=generic' '-march=x86-64' '-dumpdir' 'CMakeFiles/cmTC_4b2d7.dir/CMakeCXXCompilerABI.cpp.']
  ignore line: [Linking CXX executable cmTC_4b2d7]
  ignore line: [/usr/bin/cmake -E cmake_link_script CMakeFiles/cmTC_4b2d7.dir/link.txt --verbose=1]
  ignore line: [/usr/bin/c++  -v CMakeFiles/cmTC_4b2d7.dir/CMakeCXXCompilerABI.cpp.o -o cmTC_4b2d7 ]
  ignore line: [Using built-in specs.]
  ignore line: [COLLECT_GCC=/usr/bin/c++]
  ignore line: [COLLECT_LTO_WRAPPER=/usr/lib/gcc/x86_64-linux-gnu/11/lto-wrapper]
  ignore line: [OFFLOAD_TARGET_NAMES=nvptx-none:amdgcn-amdhsa]
  ignore line: [OFFLOAD_TARGET_DEFAULT=1]
  ignore line: [Target: x86_64-linux-gnu]
  ignore line: [Configured with: ../src/configure -v --with-pkgversion='Ubuntu 11.3.0-1ubuntu1~22.04.1' --with-bugurl=file:///usr/share/doc/gcc-11/README.Bugs --enable-languages=c ada c++ go brig d fortran objc obj-c++ m2 --prefix=/usr --with-gcc-major-version-only --program-suffix=-11 --program-prefix=x86_64-linux-gnu- --enable-shared --enable-linker-build-id --libexecdir=/usr/lib --without-included-gettext --enable-threads=posix --libdir=/usr/lib --enable-nls --enable-bootstrap --enable-clocale=gnu --enable-libstdcxx-debug --enable-libstdcxx-time=yes --with-default-libstdcxx-abi=new --enable-gnu-unique-object --disable-vtable-verify --enable-plugin --enable-default-pie --with-system-zlib --enable-libphobos-checking=release --with-target-system-zlib=auto --enable-objc-gc=auto --enable-multiarch --disable-werror --enable-cet --with-arch-32=i686 --with-abi=m64 --with-multilib-list=m32 m64 mx32 --enable-multilib --with-tune=generic --enable-offload-targets=nvptx-none=/build/gcc-11-aYxV0E/gcc-11-11.3.0/debian/tmp-nvptx/usr amdgcn-amdhsa=/build/gcc-11-aYxV0E/gcc-11-11.3.0/debian/tmp-gcn/usr --without-cuda-driver --enable-checking=release --build=x86_64-linux-gnu --host=x86_64-linux-gnu --target=x86_64-linux-gnu --with-build-config=bootstrap-lto-lean --enable-link-serialization=2]
  ignore line: [Thread model: posix]
  ignore line: [Supported LTO compression algorithms: zlib zstd]
  ignore line: [gcc version 11.3.0 (Ubuntu 11.3.0-1ubuntu1~22.04.1) ]
  ignore line: [COMPILER_PATH=/usr/lib/gcc/x86_64-linux-gnu/11/:/usr/lib/gcc/x86_64-linux-gnu/11/:/usr/lib/gcc/x86_64-linux-gnu/:/usr/lib/gcc/x86_64-linux-gnu/11/:/usr/lib/gcc/x86_64-linux-gnu/]
  ignore line: [LIBRARY_PATH=/usr/lib/gcc/x86_64-linux-gnu/11/:/usr/lib/gcc/x86_64-linux-gnu/11/../../../x86_64-linux-gnu/:/usr/lib/gcc/x86_64-linux-gnu/11/../../../../lib/:/lib/x86_64-linux-gnu/:/lib/../lib/:/usr/lib/x86_64-linux-gnu/:/usr/lib/../lib/:/usr/lib/gcc/x86_64-linux-gnu/11/../../../:/lib/:/usr/lib/]
  ignore line: [COLLECT_GCC_OPTIONS='-v' '-o' 'cmTC_4b2d7' '-shared-libgcc' '-mtune=generic' '-march=x86-64' '-dumpdir' 'cmTC_4b2d7.']
  link line: [ /usr/lib/gcc/x86_64-linux-gnu/11/collect2 -plugin /usr/lib/gcc/x86_64-linux-gnu/11/liblto_plugin.so -plugin-opt=/usr/lib/gcc/x86_64-linux-gnu/11/lto-wrapper -plugin-opt=-fresolution=/tmp/cc1ooIgf.res -plugin-opt=-pass-through=-lgcc_s -plugin-opt=-pass-through=-lgcc -plugin-opt=-pass-through=-lc -plugin-opt=-pass-through=-lgcc_s -plugin-opt=-pass-through=-lgcc --build-id --eh-frame-hdr -m elf_x86_64 --hash-style=gnu --as-needed -dynamic-linker /lib64/ld-linux-x86-64.so.2 -pie -z now -z relro -o cmTC_4b2d7 /usr/lib/gcc/x86_64-linux-gnu/11/../../../x86_64-linux-gnu/Scrt1.o /usr/lib/gcc/x86_64-linux-gnu/11/../../../x86_64-linux-gnu/crti.o /usr/lib/gcc/x86_64-linux-gnu/11/crtbeginS.o -L/usr/lib/gcc/x86_64-linux-gnu/11 -L/usr/lib/gcc/x86_64-linux-gnu/11/../../../x86_64-linux-gnu -L/usr/lib/gcc/x86_64-linux-gnu/11/../../../../lib -L/lib/x86_64-linux-gnu -L/lib/../lib -L/usr/lib/x86_64-linux-gnu -L/usr/lib/../lib -L/usr/lib/gcc/x86_64-linux-gnu/11/../../.. CMakeFiles/cmTC_4b2d7.dir/CMakeCXXCompilerABI.cpp.o -lstdc++ -lm -lgcc_s -lgcc -lc -lgcc_s -lgcc /usr/lib/gcc/x86_64-linux-gnu/11/crtendS.o /usr/lib/gcc/x86_64-linux-gnu/11/../../../x86_64-linux-gnu/crtn.o]
    arg [/usr/lib/gcc/x86_64-linux-gnu/11/collect2] ==> ignore
    arg [-plugin] ==> ignore
    arg [/usr/lib/gcc/x86_64-linux-gnu/11/liblto_plugin.so] ==> ignore
    arg [-plugin-opt=/usr/lib/gcc/x86_64-linux-gnu/11/lto-wrapper] ==> ignore
    arg [-plugin-opt=-fresolution=/tmp/cc1ooIgf.res] ==> ignore
    arg [-plugin-opt=-pass-through=-lgcc_s] ==> ignore
    arg [-plugin-opt=-pass-through=-lgcc] ==> ignore
    arg [-plugin-opt=-pass-through=-lc] ==> ignore
    arg [-plugin-opt=-pass-through=-lgcc_s] ==> ignore
    arg [-plugin-opt=-pass-through=-lgcc] ==> ignore
    arg [--build-id] ==> ignore
    arg [--eh-frame-hdr] ==> ignore
    arg [-m] ==> ignore
    arg [elf_x86_64] ==> ignore
    arg [--hash-style=gnu] ==> ignore
    arg [--as-needed] ==> ignore
    arg [-dynamic-linker] ==> ignore
    arg [/lib64/ld-linux-x86-64.so.2] ==> ignore
    arg [-pie] ==> ignore
    arg [-znow] ==> ignore
    arg [-zrelro] ==> ignore
    arg [-o] ==> ignore
    arg [cmTC_4b2d7] ==> ignore
    arg [/usr/lib/gcc/x86_64-linux-gnu/11/../../../x86_64-linux-gnu/Scrt1.o] ==> obj [/usr/lib/gcc/x86_64-linux-gnu/11/../../../x86_64-linux-gnu/Scrt1.o]
    arg [/usr/lib/gcc/x86_64-linux-gnu/11/../../../x86_64-linux-gnu/crti.o] ==> obj [/usr/lib/gcc/x86_64-linux-gnu/11/../../../x86_64-linux-gnu/crti.o]
    arg [/usr/lib/gcc/x86_64-linux-gnu/11/crtbeginS.o] ==> obj [/usr/lib/gcc/x86_64-linux-gnu/11/crtbeginS.o]
    arg [-L/usr/lib/gcc/x86_64-linux-gnu/11] ==> dir [/usr/lib/gcc/x86_64-linux-gnu/11]
    arg [-L/usr/lib/gcc/x86_64-linux-gnu/11/../../../x86_64-linux-gnu] ==> dir [/usr/lib/gcc/x86_64-linux-gnu/11/../../../x86_64-linux-gnu]
    arg [-L/usr/lib/gcc/x86_64-linux-gnu/11/../../../../lib] ==> dir [/usr/lib/gcc/x86_64-linux-gnu/11/../../../../lib]
    arg [-L/lib/x86_64-linux-gnu] ==> dir [/lib/x86_64-linux-gnu]
    arg [-L/lib/../lib] ==> dir [/lib/../lib]
    arg [-L/usr/lib/x86_64-linux-gnu] ==> dir [/usr/lib/x86_64-linux-gnu]
    arg [-L/usr/lib/../lib] ==> dir [/usr/lib/../lib]
    arg [-L/usr/lib/gcc/x86_64-linux-gnu/11/../../..] ==> dir [/usr/lib/gcc/x86_64-linux-gnu/11/../../..]
    arg [CMakeFiles/cmTC_4b2d7.dir/CMakeCXXCompilerABI.cpp.o] ==> ignore
    arg [-lstdc++] ==> lib [stdc++]
    arg [-lm] ==> lib [m]
    arg [-lgcc_s] ==> lib [gcc_s]
    arg [-lgcc] ==> lib [gcc]
    arg [-lc] ==> lib [c]
    arg [-lgcc_s] ==> lib [gcc_s]
    arg [-lgcc] ==> lib [gcc]
    arg [/usr/lib/gcc/x86_64-linux-gnu/11/crtendS.o] ==> obj [/usr/lib/gcc/x86_64-linux-gnu/11/crtendS.o]
    arg [/usr/lib/gcc/x86_64-linux-gnu/11/../../../x86_64-linux-gnu/crtn.o] ==> obj [/usr/lib/gcc/x86_64-linux-gnu/11/../../../x86_64-linux-gnu/crtn.o]
  collapse obj [/usr/lib/gcc/x86_64-linux-gnu/11/../../../x86_64-linux-gnu/Scrt1.o] ==> [/usr/lib/x86_64-linux-gnu/Scrt1.o]
  collapse obj [/usr/lib/gcc/x86_64-linux-gnu/11/../../../x86_64-linux-gnu/crti.o] ==> [/usr/lib/x86_64-linux-gnu/crti.o]
  collapse obj [/usr/lib/gcc/x86_64-linux-gnu/11/../../../x86_64-linux-gnu/crtn.o] ==> [/usr/lib/x86_64-linux-gnu/crtn.o]
  collapse library dir [/usr/lib/gcc/x86_64-linux-gnu/11] ==> [/usr/lib/gcc/x86_64-linux-gnu/11]
  collapse library dir [/usr/lib/gcc/x86_64-linux-gnu/11/../../../x86_64-linux-gnu] ==> [/usr/lib/x86_64-linux-gnu]
  collapse library dir [/usr/lib/gcc/x86_64-linux-gnu/11/../../../../lib] ==> [/usr/lib]
  collapse library dir [/lib/x86_64-linux-gnu] ==> [/lib/x86_64-linux-gnu]
  collapse library dir [/lib/../lib] ==> [/lib]
  collapse library dir [/usr/lib/x86_64-linux-gnu] ==> [/usr/lib/x86_64-linux-gnu]
  collapse library dir [/usr/lib/../lib] ==> [/usr/lib]
  collapse library dir [/usr/lib/gcc/x86_64-linux-gnu/11/../../..] ==> [/usr/lib]
  implicit libs: [stdc++;m;gcc_s;gcc;c;gcc_s;gcc]
  implicit objs: [/usr/lib/x86_64-linux-gnu/Scrt1.o;/usr/lib/x86_64-linux-gnu/crti.o;/usr/lib/gcc/x86_64-linux-gnu/11/crtbeginS.o;/usr/lib/gcc/x86_64-linux-gnu/11/crtendS.o;/usr/lib/x86_64-linux-gnu/crtn.o]
  implicit dirs: [/usr/lib/gcc/x86_64-linux-gnu/11;/usr/lib/x86_64-linux-gnu;/usr/lib;/lib/x86_64-linux-gnu;/lib]
  implicit fwks: []


Performing C++ SOURCE FILE Test HAVE_CXX_ATOMICS_WITHOUT_LIB succeeded with the following output:
Change Dir: /home/yaxiong/research/ngscope_related/srsRAN_4G-release_23_04/build/CMakeFiles/CMakeTmp

Run Build Command(s):/usr/bin/gmake -f Makefile cmTC_3b9bb/fast && /usr/bin/gmake  -f CMakeFiles/cmTC_3b9bb.dir/build.make CMakeFiles/cmTC_3b9bb.dir/build
gmake[1]: Entering directory '/home/yaxiong/research/ngscope_related/srsRAN_4G-release_23_04/build/CMakeFiles/CMakeTmp'
Building CXX object CMakeFiles/cmTC_3b9bb.dir/src.cxx.o
/usr/bin/c++ -DHAVE_CXX_ATOMICS_WITHOUT_LIB  -std=c++11 -o CMakeFiles/cmTC_3b9bb.dir/src.cxx.o -c /home/yaxiong/research/ngscope_related/srsRAN_4G-release_23_04/build/CMakeFiles/CMakeTmp/src.cxx
Linking CXX executable cmTC_3b9bb
/usr/bin/cmake -E cmake_link_script CMakeFiles/cmTC_3b9bb.dir/link.txt --verbose=1
/usr/bin/c++   -std=c++11 CMakeFiles/cmTC_3b9bb.dir/src.cxx.o -o cmTC_3b9bb 
gmake[1]: Leaving directory '/home/yaxiong/research/ngscope_related/srsRAN_4G-release_23_04/build/CMakeFiles/CMakeTmp'


Source file was:

#include <atomic>
std::atomic<int> x;
int main() {
return std::atomic_is_lock_free(&x);
}

Performing C++ SOURCE FILE Test HAVE_CXX_ATOMICS64_WITHOUT_LIB succeeded with the following output:
Change Dir: /home/yaxiong/research/ngscope_related/srsRAN_4G-release_23_04/build/CMakeFiles/CMakeTmp

Run Build Command(s):/usr/bin/gmake -f Makefile cmTC_276d4/fast && /usr/bin/gmake  -f CMakeFiles/cmTC_276d4.dir/build.make CMakeFiles/cmTC_276d4.dir/build
gmake[1]: Entering directory '/home/yaxiong/research/ngscope_related/srsRAN_4G-release_23_04/build/CMakeFiles/CMakeTmp'
Building CXX object CMakeFiles/cmTC_276d4.dir/src.cxx.o
/usr/bin/c++ -DHAVE_CXX_ATOMICS64_WITHOUT_LIB  -std=c++11 -o CMakeFiles/cmTC_276d4.dir/src.cxx.o -c /home/yaxiong/research/ngscope_related/srsRAN_4G-release_23_04/build/CMakeFiles/CMakeTmp/src.cxx
Linking CXX executable cmTC_276d4
/usr/bin/cmake -E cmake_link_script CMakeFiles/cmTC_276d4.dir/link.txt --verbose=1
/usr/bin/c++  -std=c++11 CMakeFiles/cmTC_276d4.dir/src.cxx.o -o cmTC_276d4 
gmake[1]: Leaving directory '/home/yaxiong/research/ngscope_related/srsRAN_4G-release_23_04/build/CMakeFiles/CMakeTmp'


Source file was:

#include <atomic>
#include <cstdint>
std::atomic<uint64_t> x (0);
int main() {
uint64_t i = x.load(std::memory_order_relaxed);
return std::atomic_is_lock_free(&x);
}

Determining if the include file pthread.h exists passed with the following output:
Change Dir: /home/yaxiong/research/ngscope_related/srsRAN_4G-release_23_04/build/CMakeFiles/CMakeTmp

Run Build Command(s):/usr/bin/gmake -f Makefile cmTC_f6da6/fast && /usr/bin/gmake  -f CMakeFiles/cmTC_f6da6.dir/build.make CMakeFiles/cmTC_f6da6.dir/build
gmake[1]: Entering directory '/home/yaxiong/research/ngscope_related/srsRAN_4G-release_23_04/build/CMakeFiles/CMakeTmp'
Building C object CMakeFiles/cmTC_f6da6.dir/CheckIncludeFile.c.o
/usr/bin/cc    -o CMakeFiles/cmTC_f6da6.dir/CheckIncludeFile.c.o -c /home/yaxiong/research/ngscope_related/srsRAN_4G-release_23_04/build/CMakeFiles/CMakeTmp/CheckIncludeFile.c
Linking C executable cmTC_f6da6
/usr/bin/cmake -E cmake_link_script CMakeFiles/cmTC_f6da6.dir/link.txt --verbose=1
/usr/bin/cc CMakeFiles/cmTC_f6da6.dir/CheckIncludeFile.c.o -o cmTC_f6da6 
gmake[1]: Leaving directory '/home/yaxiong/research/ngscope_related/srsRAN_4G-release_23_04/build/CMakeFiles/CMakeTmp'



Performing C SOURCE FILE Test CMAKE_HAVE_LIBC_PTHREAD succeeded with the following output:
Change Dir: /home/yaxiong/research/ngscope_related/srsRAN_4G-release_23_04/build/CMakeFiles/CMakeTmp

Run Build Command(s):/usr/bin/gmake -f Makefile cmTC_aeed3/fast && /usr/bin/gmake  -f CMakeFiles/cmTC_aeed3.dir/build.make CMakeFiles/cmTC_aeed3.dir/build
gmake[1]: Entering directory '/home/yaxiong/research/ngscope_related/srsRAN_4G-release_23_04/build/CMakeFiles/CMakeTmp'
Building C object CMakeFiles/cmTC_aeed3.dir/src.c.o
/usr/bin/cc -DCMAKE_HAVE_LIBC_PTHREAD   -o CMakeFiles/cmTC_aeed3.dir/src.c.o -c /home/yaxiong/research/ngscope_related/srsRAN_4G-release_23_04/build/CMakeFiles/CMakeTmp/src.c
Linking C executable cmTC_aeed3
/usr/bin/cmake -E cmake_link_script CMakeFiles/cmTC_aeed3.dir/link.txt --verbose=1
/usr/bin/cc CMakeFiles/cmTC_aeed3.dir/src.c.o -o cmTC_aeed3 
gmake[1]: Leaving directory '/home/yaxiong/research/ngscope_related/srsRAN_4G-release_23_04/build/CMakeFiles/CMakeTmp'


Source file was:
#include <pthread.h>

static void* test_func(void* data)
{
  return data;
}

int main(void)
{
  pthread_t thread;
  pthread_create(&thread, NULL, test_func, NULL);
  pthread_detach(thread);
  pthread_cancel(thread);
  pthread_join(thread, NULL);
  pthread_atfork(NULL, NULL, NULL);
  pthread_exit(NULL);

  return 0;
}

Performing C++ SOURCE FILE Test HAVE_WNO_UNUSED_BUT_SET_VARIABLE succeeded with the following output:
Change Dir: /home/yaxiong/research/ngscope_related/srsRAN_4G-release_23_04/build/CMakeFiles/CMakeTmp

Run Build Command(s):/usr/bin/gmake -f Makefile cmTC_0e50b/fast && /usr/bin/gmake  -f CMakeFiles/cmTC_0e50b.dir/build.make CMakeFiles/cmTC_0e50b.dir/build
gmake[1]: Entering directory '/home/yaxiong/research/ngscope_related/srsRAN_4G-release_23_04/build/CMakeFiles/CMakeTmp'
Building CXX object CMakeFiles/cmTC_0e50b.dir/src.cxx.o
/usr/bin/c++ -DHAVE_WNO_UNUSED_BUT_SET_VARIABLE  -Wall -Wno-comment -Wno-reorder -Wno-unused-variable -Wtype-limits -std=c++14 -fno-strict-aliasing    -Wno-unused-but-set-variable -o CMakeFiles/cmTC_0e50b.dir/src.cxx.o -c /home/yaxiong/research/ngscope_related/srsRAN_4G-release_23_04/build/CMakeFiles/CMakeTmp/src.cxx
Linking CXX executable cmTC_0e50b
/usr/bin/cmake -E cmake_link_script CMakeFiles/cmTC_0e50b.dir/link.txt --verbose=1
/usr/bin/c++  -Wall -Wno-comment -Wno-reorder -Wno-unused-variable -Wtype-limits -std=c++14 -fno-strict-aliasing  CMakeFiles/cmTC_0e50b.dir/src.cxx.o -o cmTC_0e50b 
gmake[1]: Leaving directory '/home/yaxiong/research/ngscope_related/srsRAN_4G-release_23_04/build/CMakeFiles/CMakeTmp'


Source file was:
int main() { return 0; }
Performing C SOURCE FILE Test HAVE_SSE succeeded with the following output:
Change Dir: /home/yaxiong/research/ngscope_related/srsRAN_4G-release_23_04/build/CMakeFiles/CMakeTmp

Run Build Command(s):/usr/bin/gmake -f Makefile cmTC_fede5/fast && /usr/bin/gmake  -f CMakeFiles/cmTC_fede5.dir/build.make CMakeFiles/cmTC_fede5.dir/build
gmake[1]: Entering directory '/home/yaxiong/research/ngscope_related/srsRAN_4G-release_23_04/build/CMakeFiles/CMakeTmp'
Building C object CMakeFiles/cmTC_fede5.dir/src.c.o
/usr/bin/cc   -DHAVE_SSE -msse4.1 -o CMakeFiles/cmTC_fede5.dir/src.c.o -c /home/yaxiong/research/ngscope_related/srsRAN_4G-release_23_04/build/CMakeFiles/CMakeTmp/src.c
Linking C executable cmTC_fede5
/usr/bin/cmake -E cmake_link_script CMakeFiles/cmTC_fede5.dir/link.txt --verbose=1
/usr/bin/cc  -DHAVE_SSE -msse4.1 CMakeFiles/cmTC_fede5.dir/src.c.o -o cmTC_fede5 
gmake[1]: Leaving directory '/home/yaxiong/research/ngscope_related/srsRAN_4G-release_23_04/build/CMakeFiles/CMakeTmp'


Return value: 1
Source file was:

        #include <emmintrin.h>
        #include <smmintrin.h>

        int main()
        {
        __m128i a = _mm_setzero_si128();
        __m128i b = _mm_minpos_epu16(a);
        return 0;
        }
Performing C SOURCE FILE Test HAVE_AVX succeeded with the following output:
Change Dir: /home/yaxiong/research/ngscope_related/srsRAN_4G-release_23_04/build/CMakeFiles/CMakeTmp

Run Build Command(s):/usr/bin/gmake -f Makefile cmTC_7cac3/fast && /usr/bin/gmake  -f CMakeFiles/cmTC_7cac3.dir/build.make CMakeFiles/cmTC_7cac3.dir/build
gmake[1]: Entering directory '/home/yaxiong/research/ngscope_related/srsRAN_4G-release_23_04/build/CMakeFiles/CMakeTmp'
Building C object CMakeFiles/cmTC_7cac3.dir/src.c.o
/usr/bin/cc   -DHAVE_AVX -mavx -o CMakeFiles/cmTC_7cac3.dir/src.c.o -c /home/yaxiong/research/ngscope_related/srsRAN_4G-release_23_04/build/CMakeFiles/CMakeTmp/src.c
Linking C executable cmTC_7cac3
/usr/bin/cmake -E cmake_link_script CMakeFiles/cmTC_7cac3.dir/link.txt --verbose=1
/usr/bin/cc  -DHAVE_AVX -mavx CMakeFiles/cmTC_7cac3.dir/src.c.o -o cmTC_7cac3 
gmake[1]: Leaving directory '/home/yaxiong/research/ngscope_related/srsRAN_4G-release_23_04/build/CMakeFiles/CMakeTmp'


Return value: 1
Source file was:

            #include <immintrin.h>
            int main()
            {
              __m256 a, b, c;
              const float src[8] = { 1.0f, 2.0f, 3.0f, 4.0f, 5.0f, 6.0f, 7.0f, 8.0f };
              float dst[8];
              a = _mm256_loadu_ps( src );
              b = _mm256_loadu_ps( src );
              c = _mm256_add_ps( a, b );
              _mm256_storeu_ps( dst, c );
              int i = 0;
              for( i = 0; i < 8; i++ ){
                if( ( src[i] + src[i] ) != dst[i] ){
                  return -1;
                }
              }
              return 0;
            }
Performing C SOURCE FILE Test HAVE_AVX2 succeeded with the following output:
Change Dir: /home/yaxiong/research/ngscope_related/srsRAN_4G-release_23_04/build/CMakeFiles/CMakeTmp

Run Build Command(s):/usr/bin/gmake -f Makefile cmTC_41254/fast && /usr/bin/gmake  -f CMakeFiles/cmTC_41254.dir/build.make CMakeFiles/cmTC_41254.dir/build
gmake[1]: Entering directory '/home/yaxiong/research/ngscope_related/srsRAN_4G-release_23_04/build/CMakeFiles/CMakeTmp'
Building C object CMakeFiles/cmTC_41254.dir/src.c.o
/usr/bin/cc   -DHAVE_AVX2 -mavx2 -o CMakeFiles/cmTC_41254.dir/src.c.o -c /home/yaxiong/research/ngscope_related/srsRAN_4G-release_23_04/build/CMakeFiles/CMakeTmp/src.c
Linking C executable cmTC_41254
/usr/bin/cmake -E cmake_link_script CMakeFiles/cmTC_41254.dir/link.txt --verbose=1
/usr/bin/cc  -DHAVE_AVX2 -mavx2 CMakeFiles/cmTC_41254.dir/src.c.o -o cmTC_41254 
gmake[1]: Leaving directory '/home/yaxiong/research/ngscope_related/srsRAN_4G-release_23_04/build/CMakeFiles/CMakeTmp'


Return value: 1
Source file was:

          #include <immintrin.h>
          int main()
          {
            __m256i a, b, c;
            const int src[8] = { 1, 2, 3, 4, 5, 6, 7, 8 };
            int dst[8];
            a =  _mm256_loadu_si256( (__m256i*)src );
            b =  _mm256_loadu_si256( (__m256i*)src );
            c = _mm256_add_epi32( a, b );
            _mm256_storeu_si256( (__m256i*)dst, c );
            int i = 0;
            for( i = 0; i < 8; i++ ){
              if( ( src[i] + src[i] ) != dst[i] ){
                return -1;
              }
            }
            return 0;
          }
Performing C SOURCE FILE Test HAVE_FMA succeeded with the following output:
Change Dir: /home/yaxiong/research/ngscope_related/srsRAN_4G-release_23_04/build/CMakeFiles/CMakeTmp

Run Build Command(s):/usr/bin/gmake -f Makefile cmTC_1cd5b/fast && /usr/bin/gmake  -f CMakeFiles/cmTC_1cd5b.dir/build.make CMakeFiles/cmTC_1cd5b.dir/build
gmake[1]: Entering directory '/home/yaxiong/research/ngscope_related/srsRAN_4G-release_23_04/build/CMakeFiles/CMakeTmp'
Building C object CMakeFiles/cmTC_1cd5b.dir/src.c.o
/usr/bin/cc   -DHAVE_FMA -mfma -o CMakeFiles/cmTC_1cd5b.dir/src.c.o -c /home/yaxiong/research/ngscope_related/srsRAN_4G-release_23_04/build/CMakeFiles/CMakeTmp/src.c
Linking C executable cmTC_1cd5b
/usr/bin/cmake -E cmake_link_script CMakeFiles/cmTC_1cd5b.dir/link.txt --verbose=1
/usr/bin/cc  -DHAVE_FMA -mfma CMakeFiles/cmTC_1cd5b.dir/src.c.o -o cmTC_1cd5b 
gmake[1]: Leaving directory '/home/yaxiong/research/ngscope_related/srsRAN_4G-release_23_04/build/CMakeFiles/CMakeTmp'


Return value: 1
Source file was:

            #include <immintrin.h>
            int main()
            {
              __m256 a, b, c, r;
              const float src[8] = { 1.0f, 2.0f, 3.0f, 4.0f, 5.0f, 6.0f, 7.0f, 8.0f };
              float dst[8];
              a = _mm256_loadu_ps( src );
              b = _mm256_loadu_ps( src );
              c = _mm256_loadu_ps( src );
              r = _mm256_fmadd_ps( a, b, c );
              _mm256_storeu_ps( dst, r );
              int i = 0;
              for( i = 0; i < 8; i++ ){
                if( ( src[i] * src[i] + src[i] ) != dst[i] ){
                  return -1;
                }
              }
              return 0;
            }
Performing C SOURCE FILE Test HAVE_AVX512 succeeded with the following output:
Change Dir: /home/yaxiong/research/ngscope_related/srsRAN_4G-release_23_04/build/CMakeFiles/CMakeTmp

Run Build Command(s):/usr/bin/gmake -f Makefile cmTC_f34d8/fast && /usr/bin/gmake  -f CMakeFiles/cmTC_f34d8.dir/build.make CMakeFiles/cmTC_f34d8.dir/build
gmake[1]: Entering directory '/home/yaxiong/research/ngscope_related/srsRAN_4G-release_23_04/build/CMakeFiles/CMakeTmp'
Building C object CMakeFiles/cmTC_f34d8.dir/src.c.o
/usr/bin/cc   -DHAVE_AVX512 -mavx512f -mavx512cd -mavx512bw -mavx512dq -DLV_HAVE_AVX512 -o CMakeFiles/cmTC_f34d8.dir/src.c.o -c /home/yaxiong/research/ngscope_related/srsRAN_4G-release_23_04/build/CMakeFiles/CMakeTmp/src.c
Linking C executable cmTC_f34d8
/usr/bin/cmake -E cmake_link_script CMakeFiles/cmTC_f34d8.dir/link.txt --verbose=1
/usr/bin/cc  -DHAVE_AVX512 -mavx512f -mavx512cd -mavx512bw -mavx512dq -DLV_HAVE_AVX512 CMakeFiles/cmTC_f34d8.dir/src.c.o -o cmTC_f34d8 
gmake[1]: Leaving directory '/home/yaxiong/research/ngscope_related/srsRAN_4G-release_23_04/build/CMakeFiles/CMakeTmp'


Return value: 1
Source file was:

          #include <immintrin.h>
          int main()
          {
            __m512i a, b, c;
            const int src[16] = { 0x0, 0x1, 0x2, 0x3, 0x4, 0x5, 0x6, 0x7, 0x8 , 0x9, 0xA, 0xB, 0xC, 0xD, 0xE, 0xF};
            int dst[16];
            a =  _mm512_loadu_si512( (__m512i*)src );
            b =  _mm512_loadu_si512( (__m512i*)src );
            c = _mm512_add_epi32( a, b );
            _mm512_storeu_si512( (__m512i*)dst, c );
            int i = 0;
            for( i = 0; i < 16; i++ ){
              if( ( src[i] + src[i] ) != dst[i] ){
                return -1;
              }
            }
            return 0;
          }
Performing C SOURCE FILE Test HAVE_MARCH_native succeeded with the following output:
Change Dir: /home/yaxiong/research/ngscope_related/srsRAN_4G-release_23_04/build/CMakeFiles/CMakeTmp

Run Build Command(s):/usr/bin/gmake -f Makefile cmTC_0121c/fast && /usr/bin/gmake  -f CMakeFiles/cmTC_0121c.dir/build.make CMakeFiles/cmTC_0121c.dir/build
gmake[1]: Entering directory '/home/yaxiong/research/ngscope_related/srsRAN_4G-release_23_04/build/CMakeFiles/CMakeTmp'
Building C object CMakeFiles/cmTC_0121c.dir/src.c.o
/usr/bin/cc -DHAVE_MARCH_native  -mavx512f -mavx512cd -mavx512bw -mavx512dq -DLV_HAVE_AVX512   -march=native -o CMakeFiles/cmTC_0121c.dir/src.c.o -c /home/yaxiong/research/ngscope_related/srsRAN_4G-release_23_04/build/CMakeFiles/CMakeTmp/src.c
Linking C executable cmTC_0121c
/usr/bin/cmake -E cmake_link_script CMakeFiles/cmTC_0121c.dir/link.txt --verbose=1
/usr/bin/cc  -mavx512f -mavx512cd -mavx512bw -mavx512dq -DLV_HAVE_AVX512 CMakeFiles/cmTC_0121c.dir/src.c.o -o cmTC_0121c 
gmake[1]: Leaving directory '/home/yaxiong/research/ngscope_related/srsRAN_4G-release_23_04/build/CMakeFiles/CMakeTmp'


Source file was:
int main(void) { return 0; }
Performing C++ SOURCE FILE Test HAVE_VISIBILITY_HIDDEN_CXX succeeded with the following output:
Change Dir: /home/yaxiong/research/ngscope_related/srsRAN_4G-release_23_04/build/CMakeFiles/CMakeTmp

Run Build Command(s):/usr/bin/gmake -f Makefile cmTC_c76f9/fast && /usr/bin/gmake  -f CMakeFiles/cmTC_c76f9.dir/build.make CMakeFiles/cmTC_c76f9.dir/build
gmake[1]: Entering directory '/home/yaxiong/research/ngscope_related/srsRAN_4G-release_23_04/build/CMakeFiles/CMakeTmp'
Building CXX object CMakeFiles/cmTC_c76f9.dir/src.cxx.o
/usr/bin/c++ -DHAVE_VISIBILITY_HIDDEN_CXX  -Wall -Wno-comment -Wno-reorder -Wno-unused-variable -Wtype-limits -std=c++14 -fno-strict-aliasing -Wno-unused-but-set-variable -march=native -mfpmath=sse -mavx2 -DLV_HAVE_AVX2 -DLV_HAVE_AVX -DLV_HAVE_SSE -mavx512f -mavx512cd -mavx512bw -mavx512dq -DLV_HAVE_AVX512   -fvisibility=hidden -o CMakeFiles/cmTC_c76f9.dir/src.cxx.o -c /home/yaxiong/research/ngscope_related/srsRAN_4G-release_23_04/build/CMakeFiles/CMakeTmp/src.cxx
Linking CXX executable cmTC_c76f9
/usr/bin/cmake -E cmake_link_script CMakeFiles/cmTC_c76f9.dir/link.txt --verbose=1
/usr/bin/c++  -Wall -Wno-comment -Wno-reorder -Wno-unused-variable -Wtype-limits -std=c++14 -fno-strict-aliasing -Wno-unused-but-set-variable -march=native -mfpmath=sse -mavx2 -DLV_HAVE_AVX2 -DLV_HAVE_AVX -DLV_HAVE_SSE -mavx512f -mavx512cd -mavx512bw -mavx512dq -DLV_HAVE_AVX512 CMakeFiles/cmTC_c76f9.dir/src.cxx.o -o cmTC_c76f9 
gmake[1]: Leaving directory '/home/yaxiong/research/ngscope_related/srsRAN_4G-release_23_04/build/CMakeFiles/CMakeTmp'


Source file was:
int main() { return 0; }
Performing C SOURCE FILE Test HAVE_ERROR_INCOMPATIBLE succeeded with the following output:
Change Dir: /home/yaxiong/research/ngscope_related/srsRAN_4G-release_23_04/build/CMakeFiles/CMakeTmp

Run Build Command(s):/usr/bin/gmake -f Makefile cmTC_1cec3/fast && /usr/bin/gmake  -f CMakeFiles/cmTC_1cec3.dir/build.make CMakeFiles/cmTC_1cec3.dir/build
gmake[1]: Entering directory '/home/yaxiong/research/ngscope_related/srsRAN_4G-release_23_04/build/CMakeFiles/CMakeTmp'
Building C object CMakeFiles/cmTC_1cec3.dir/src.c.o
/usr/bin/cc -DHAVE_ERROR_INCOMPATIBLE  -march=native -mavx512f -mavx512cd -mavx512bw -mavx512dq -DLV_HAVE_AVX512   -Werror=incompatible-pointer-types -o CMakeFiles/cmTC_1cec3.dir/src.c.o -c /home/yaxiong/research/ngscope_related/srsRAN_4G-release_23_04/build/CMakeFiles/CMakeTmp/src.c
Linking C executable cmTC_1cec3
/usr/bin/cmake -E cmake_link_script CMakeFiles/cmTC_1cec3.dir/link.txt --verbose=1
/usr/bin/cc  -march=native -mavx512f -mavx512cd -mavx512bw -mavx512dq -DLV_HAVE_AVX512 CMakeFiles/cmTC_1cec3.dir/src.c.o -o cmTC_1cec3 
gmake[1]: Leaving directory '/home/yaxiong/research/ngscope_related/srsRAN_4G-release_23_04/build/CMakeFiles/CMakeTmp'


Source file was:
int main(void) { return 0; }
Performing C SOURCE FILE Test HAVE_VISIBILITY_HIDDEN_C succeeded with the following output:
Change Dir: /home/yaxiong/research/ngscope_related/srsRAN_4G-release_23_04/build/CMakeFiles/CMakeTmp

Run Build Command(s):/usr/bin/gmake -f Makefile cmTC_45715/fast && /usr/bin/gmake  -f CMakeFiles/cmTC_45715.dir/build.make CMakeFiles/cmTC_45715.dir/build
gmake[1]: Entering directory '/home/yaxiong/research/ngscope_related/srsRAN_4G-release_23_04/build/CMakeFiles/CMakeTmp'
Building C object CMakeFiles/cmTC_45715.dir/src.c.o
/usr/bin/cc -DHAVE_VISIBILITY_HIDDEN_C  -march=native -Werror=incompatible-pointer-types -Wall -Wno-comment -Wno-write-strings -Wno-unused-result -Wformat -Wmissing-field-initializers -Wtype-limits -std=c99 -fno-strict-aliasing -D_GNU_SOURCE -Wno-unused-but-set-variable -O3 -fno-trapping-math -fno-math-errno -DBUILD_TYPE_RELEASE -mfpmath=sse -mavx2 -DLV_HAVE_AVX2 -DLV_HAVE_AVX -DLV_HAVE_SSE -mfma -DLV_HAVE_FMA -mavx512f -mavx512cd -mavx512bw -mavx512dq -DLV_HAVE_AVX512 -Ofast -funroll-loops  -march=native -Werror=incompatible-pointer-types -Wall -Wno-comment -Wno-write-strings -Wno-unused-result -Wformat -Wmissing-field-initializers -Wtype-limits -std=c99 -fno-strict-aliasing -D_GNU_SOURCE -Wno-unused-but-set-variable -O3 -fno-trapping-math -fno-math-errno -DBUILD_TYPE_RELEASE -mfpmath=sse -mavx2 -DLV_HAVE_AVX2 -DLV_HAVE_AVX -DLV_HAVE_SSE -mfma -DLV_HAVE_FMA -mavx512f -mavx512cd -mavx512bw -mavx512dq -DLV_HAVE_AVX512 -Ofast -funroll-loops   -fvisibility=hidden -o CMakeFiles/cmTC_45715.dir/src.c.o -c /home/yaxiong/research/ngscope_related/srsRAN_4G-release_23_04/build/CMakeFiles/CMakeTmp/src.c
Linking C executable cmTC_45715
/usr/bin/cmake -E cmake_link_script CMakeFiles/cmTC_45715.dir/link.txt --verbose=1
/usr/bin/cc  -march=native -Werror=incompatible-pointer-types -Wall -Wno-comment -Wno-write-strings -Wno-unused-result -Wformat -Wmissing-field-initializers -Wtype-limits -std=c99 -fno-strict-aliasing -D_GNU_SOURCE -Wno-unused-but-set-variable -O3 -fno-trapping-math -fno-math-errno -DBUILD_TYPE_RELEASE -mfpmath=sse -mavx2 -DLV_HAVE_AVX2 -DLV_HAVE_AVX -DLV_HAVE_SSE -mfma -DLV_HAVE_FMA -mavx512f -mavx512cd -mavx512bw -mavx512dq -DLV_HAVE_AVX512 -Ofast -funroll-loops  -march=native -Werror=incompatible-pointer-types -Wall -Wno-comment -Wno-write-strings -Wno-unused-result -Wformat -Wmissing-field-initializers -Wtype-limits -std=c99 -fno-strict-aliasing -D_GNU_SOURCE -Wno-unused-but-set-variable -O3 -fno-trapping-math -fno-math-errno -DBUILD_TYPE_RELEASE -mfpmath=sse -mavx2 -DLV_HAVE_AVX2 -DLV_HAVE_AVX -DLV_HAVE_SSE -mfma -DLV_HAVE_FMA -mavx512f -mavx512cd -mavx512bw -mavx512dq -DLV_HAVE_AVX512 -Ofast -funroll-loops CMakeFiles/cmTC_45715.dir/src.c.o -o cmTC_45715 
gmake[1]: Leaving directory '/home/yaxiong/research/ngscope_related/srsRAN_4G-release_23_04/build/CMakeFiles/CMakeTmp'


Source file was:
int main(void) { return 0; }
