Performing C++ SOURCE FILE Test UHD_ENABLE_X300_FW_RESET failed with the following output:
Change Dir: /home/yaxiong/research/ngscope_related/srsRAN_4G-release_23_04/build/CMakeFiles/CMakeTmp

Run Build Command(s):/usr/bin/gmake -f Makefile cmTC_23bb6/fast && /usr/bin/gmake  -f CMakeFiles/cmTC_23bb6.dir/build.make CMakeFiles/cmTC_23bb6.dir/build
gmake[1]: Entering directory '/home/yaxiong/research/ngscope_related/srsRAN_4G-release_23_04/build/CMakeFiles/CMakeTmp'
Building CXX object CMakeFiles/cmTC_23bb6.dir/src.cxx.o
/usr/bin/c++ -DUHD_ENABLE_X300_FW_RESET  -L/usr/lib/x86_64-linux-gnu -o CMakeFiles/cmTC_23bb6.dir/src.cxx.o -c /home/yaxiong/research/ngscope_related/srsRAN_4G-release_23_04/build/CMakeFiles/CMakeTmp/src.cxx
Linking CXX executable cmTC_23bb6
/usr/bin/cmake -E cmake_link_script CMakeFiles/cmTC_23bb6.dir/link.txt --verbose=1
/usr/bin/c++   -L/usr/lib/x86_64-linux-gnu CMakeFiles/cmTC_23bb6.dir/src.cxx.o -o cmTC_23bb6  -luhd -lboost_program_options -lboost_system 
/usr/bin/ld: CMakeFiles/cmTC_23bb6.dir/src.cxx.o: in function `try_usrp_x300_reset()':
src.cxx:(.text+0xea): undefined reference to `x300_make_ctrl_iface_enet(std::shared_ptr<uhd::transport::udp_simple>, bool)'
collect2: error: ld returned 1 exit status
gmake[1]: *** [CMakeFiles/cmTC_23bb6.dir/build.make:99: cmTC_23bb6] Error 1
gmake[1]: Leaving directory '/home/yaxiong/research/ngscope_related/srsRAN_4G-release_23_04/build/CMakeFiles/CMakeTmp'
gmake: *** [Makefile:127: cmTC_23bb6/fast] Error 2


Source file was:
#include <uhd.h>
    #include <uhd/usrp/multi_usrp.hpp>
    #include <uhd/transport/udp_simple.hpp>

    uhd::wb_iface::sptr x300_make_ctrl_iface_enet(uhd::transport::udp_simple::sptr udp, bool enable_errors);

    uhd_error try_usrp_x300_reset()
    {
      uhd::transport::udp_simple::sptr udp_simple = uhd::transport::udp_simple::make_connected("", "49152");
      uhd::wb_iface::sptr x300_ctrl = x300_make_ctrl_iface_enet(udp_simple, true);
      x300_ctrl->poke32(0x100058, 1);
      return UHD_ERROR_NONE;
    }

    int main(int argc, char** argv)
    {
      try_usrp_x300_reset();
      return 0;
    }
Performing C++ SOURCE FILE Test UHD_ENABLE_RFNOC failed with the following output:
Change Dir: /home/yaxiong/research/ngscope_related/srsRAN_4G-release_23_04/build/CMakeFiles/CMakeTmp

Run Build Command(s):/usr/bin/gmake -f Makefile cmTC_176e7/fast && /usr/bin/gmake  -f CMakeFiles/cmTC_176e7.dir/build.make CMakeFiles/cmTC_176e7.dir/build
gmake[1]: Entering directory '/home/yaxiong/research/ngscope_related/srsRAN_4G-release_23_04/build/CMakeFiles/CMakeTmp'
Building CXX object CMakeFiles/cmTC_176e7.dir/src.cxx.o
/usr/bin/c++ -DUHD_ENABLE_RFNOC  -L/usr/lib/x86_64-linux-gnu -o CMakeFiles/cmTC_176e7.dir/src.cxx.o -c /home/yaxiong/research/ngscope_related/srsRAN_4G-release_23_04/build/CMakeFiles/CMakeTmp/src.cxx
/home/yaxiong/research/ngscope_related/srsRAN_4G-release_23_04/build/CMakeFiles/CMakeTmp/src.cxx:2:14: fatal error: uhd/device3.hpp: No such file or directory
    2 |     #include <uhd/device3.hpp>
      |              ^~~~~~~~~~~~~~~~~
compilation terminated.
gmake[1]: *** [CMakeFiles/cmTC_176e7.dir/build.make:78: CMakeFiles/cmTC_176e7.dir/src.cxx.o] Error 1
gmake[1]: Leaving directory '/home/yaxiong/research/ngscope_related/srsRAN_4G-release_23_04/build/CMakeFiles/CMakeTmp'
gmake: *** [Makefile:127: cmTC_176e7/fast] Error 2


Source file was:
#include <uhd.h>
    #include <uhd/device3.hpp>
    #include <uhd/rfnoc/ddc_block_ctrl.hpp>
    #include <uhd/rfnoc/radio_ctrl.hpp>

    static uhd::device3::sptr device3;
    static uhd::rfnoc::ddc_block_ctrl::sptr ddc_ctrl;
    static uhd::rfnoc::radio_ctrl::sptr radio_ctrl;

    uhd_error try_device3_ddc_ctrl()
    {
      ddc_ctrl = device3->get_block_ctrl<uhd::rfnoc::ddc_block_ctrl>(uhd::rfnoc::block_id_t("DDC_0"));
      return UHD_ERROR_NONE;
    }

    uhd_error try_device3_radio_ctrl()
    {
      radio_ctrl = device3->get_block_ctrl<uhd::rfnoc::radio_ctrl>(uhd::rfnoc::block_id_t("Radio_0"));
      return UHD_ERROR_NONE;
    }

    int main(int argc, char** argv)
    {
      try_device3_ddc_ctrl();
      try_device3_radio_ctrl();
      return 0;
    }
Performing C++ SOURCE FILE Test UHD_ENABLE_CUSTOM_RFNOC failed with the following output:
Change Dir: /home/yaxiong/research/ngscope_related/srsRAN_4G-release_23_04/build/CMakeFiles/CMakeTmp

Run Build Command(s):/usr/bin/gmake -f Makefile cmTC_c8ac2/fast && /usr/bin/gmake  -f CMakeFiles/cmTC_c8ac2.dir/build.make CMakeFiles/cmTC_c8ac2.dir/build
gmake[1]: Entering directory '/home/yaxiong/research/ngscope_related/srsRAN_4G-release_23_04/build/CMakeFiles/CMakeTmp'
Building CXX object CMakeFiles/cmTC_c8ac2.dir/src.cxx.o
/usr/bin/c++ -DUHD_ENABLE_CUSTOM_RFNOC  -L/usr/lib/x86_64-linux-gnu -o CMakeFiles/cmTC_c8ac2.dir/src.cxx.o -c /home/yaxiong/research/ngscope_related/srsRAN_4G-release_23_04/build/CMakeFiles/CMakeTmp/src.cxx
/home/yaxiong/research/ngscope_related/srsRAN_4G-release_23_04/build/CMakeFiles/CMakeTmp/src.cxx:2:14: fatal error: uhd/device3.hpp: No such file or directory
    2 |     #include <uhd/device3.hpp>
      |              ^~~~~~~~~~~~~~~~~
compilation terminated.
gmake[1]: *** [CMakeFiles/cmTC_c8ac2.dir/build.make:78: CMakeFiles/cmTC_c8ac2.dir/src.cxx.o] Error 1
gmake[1]: Leaving directory '/home/yaxiong/research/ngscope_related/srsRAN_4G-release_23_04/build/CMakeFiles/CMakeTmp'
gmake: *** [Makefile:127: cmTC_c8ac2/fast] Error 2


Source file was:
#include <uhd.h>
    #include <uhd/device3.hpp>
    #include <uhd/rfnoc/ddc_ch2_block_ctrl.hpp>

    static uhd::device3::sptr device3;
    static uhd::rfnoc::ddc_ch2_block_ctrl::sptr ddc_ctrl;

    uhd_error try_device3_ddc_ch2_ctrl()
    {
      ddc_ctrl = device3->get_block_ctrl<uhd::rfnoc::ddc_ch2_block_ctrl>(uhd::rfnoc::block_id_t("DDCch2_0"));
      return UHD_ERROR_NONE;
    }

    int main(int argc, char** argv)
    {
      try_device3_ddc_ch2_ctrl();
      return 0;
    }
